2025-05-06 11:09:50,336 - INFO - Scraper gestartet
2025-05-06 11:09:52,169 - INFO - Login-Seite geladen
2025-05-06 11:09:52,199 - ERROR - Fehler beim Login: Message: element not interactable
  (Session info: chrome=136.0.7103.48)
Stacktrace:
	GetHandleVerifier [0x00007FF70F3EA145+76773]
	GetHandleVerifier [0x00007FF70F3EA1A0+76864]
	(No symbol) [0x00007FF70F1A8DAC]
	(No symbol) [0x00007FF70F1F48D5]
	(No symbol) [0x00007FF70F22735A]
	(No symbol) [0x00007FF70F1F1CF6]
	(No symbol) [0x00007FF70F227570]
	(No symbol) [0x00007FF70F24F0CF]
	(No symbol) [0x00007FF70F227133]
	(No symbol) [0x00007FF70F1F04D1]
	(No symbol) [0x00007FF70F1F1263]
	GetHandleVerifier [0x00007FF70F6AA8ED+2962317]
	GetHandleVerifier [0x00007FF70F6A4EC2+2939234]
	GetHandleVerifier [0x00007FF70F6C2FF3+3062419]
	GetHandleVerifier [0x00007FF70F404B9A+185914]
	GetHandleVerifier [0x00007FF70F40C78F+217647]
	GetHandleVerifier [0x00007FF70F3F2A44+111844]
	GetHandleVerifier [0x00007FF70F3F2BF2+112274]
	GetHandleVerifier [0x00007FF70F3D8A79+5401]
	BaseThreadInitThunk [0x00007FF82B49E8D7+23]
	RtlUserThreadStart [0x00007FF82C4B14FC+44]

2025-05-06 11:09:52,466 - INFO - Screenshot bei Fehler gespeichert als 'login_error.png'
2025-05-06 11:09:52,466 - ERROR - Login fehlgeschlagen!
2025-05-06 11:09:57,656 - INFO - Scraper beendet
2025-05-06 11:10:44,062 - INFO - Scraper gestartet
2025-05-06 11:10:45,895 - INFO - Login-Seite geladen
2025-05-06 11:10:46,206 - INFO - Führe JavaScript-Code für das Login aus
2025-05-06 11:10:47,221 - INFO - Warte auf URL-Änderung nach dem Login-Versuch
2025-05-06 11:11:02,481 - WARNING - URL hat sich nicht geändert, versuche dennoch zu überprüfen, ob wir eingeloggt sind
2025-05-06 11:11:02,760 - ERROR - Login fehlgeschlagen - konnte nicht zur Dashboard-Seite navigieren
2025-05-06 11:11:02,760 - ERROR - Login fehlgeschlagen!
2025-05-06 11:11:07,909 - INFO - Scraper beendet
2025-05-06 11:14:25,113 - INFO - Scraper gestartet
2025-05-06 11:14:27,459 - INFO - Login-Seite geladen
2025-05-06 11:14:27,801 - INFO - Führe JavaScript-Code für das Login aus
2025-05-06 11:14:29,745 - WARNING - Fallback-Methode fehlgeschlagen: Message: javascript error: Cannot read properties of null (reading 'value')
  (Session info: chrome=136.0.7103.48)
Stacktrace:
	GetHandleVerifier [0x00007FF70F3EA145+76773]
	GetHandleVerifier [0x00007FF70F3EA1A0+76864]
	(No symbol) [0x00007FF70F1A8F7A]
	(No symbol) [0x00007FF70F1B0978]
	(No symbol) [0x00007FF70F1B3D31]
	(No symbol) [0x00007FF70F250308]
	(No symbol) [0x00007FF70F22735A]
	(No symbol) [0x00007FF70F24F0CF]
	(No symbol) [0x00007FF70F227133]
	(No symbol) [0x00007FF70F1F04D1]
	(No symbol) [0x00007FF70F1F1263]
	GetHandleVerifier [0x00007FF70F6AA8ED+2962317]
	GetHandleVerifier [0x00007FF70F6A4EC2+2939234]
	GetHandleVerifier [0x00007FF70F6C2FF3+3062419]
	GetHandleVerifier [0x00007FF70F404B9A+185914]
	GetHandleVerifier [0x00007FF70F40C78F+217647]
	GetHandleVerifier [0x00007FF70F3F2A44+111844]
	GetHandleVerifier [0x00007FF70F3F2BF2+112274]
	GetHandleVerifier [0x00007FF70F3D8A79+5401]
	BaseThreadInitThunk [0x00007FF82B49E8D7+23]
	RtlUserThreadStart [0x00007FF82C4B14FC+44]

2025-05-06 11:14:29,745 - INFO - Warte auf URL-Änderung nach dem Login-Versuch
2025-05-06 11:14:29,752 - INFO - URL hat sich geändert: https://leser-umfrage.de/backend/
2025-05-06 11:14:29,905 - INFO - Erfolgreich eingeloggt bei campanero
2025-05-06 11:14:31,907 - INFO - Suche nach Umfragen-Link in der Navigation
2025-05-06 11:14:42,231 - ERROR - Fehler bei der Navigation zu den Umfrageergebnissen: Message: 
Stacktrace:
	GetHandleVerifier [0x00007FF70F3EA145+76773]
	GetHandleVerifier [0x00007FF70F3EA1A0+76864]
	(No symbol) [0x00007FF70F1A8F7A]
	(No symbol) [0x00007FF70F1FF496]
	(No symbol) [0x00007FF70F1FF74C]
	(No symbol) [0x00007FF70F252287]
	(No symbol) [0x00007FF70F22739F]
	(No symbol) [0x00007FF70F24F0CF]
	(No symbol) [0x00007FF70F227133]
	(No symbol) [0x00007FF70F1F04D1]
	(No symbol) [0x00007FF70F1F1263]
	GetHandleVerifier [0x00007FF70F6AA8ED+2962317]
	GetHandleVerifier [0x00007FF70F6A4EC2+2939234]
	GetHandleVerifier [0x00007FF70F6C2FF3+3062419]
	GetHandleVerifier [0x00007FF70F404B9A+185914]
	GetHandleVerifier [0x00007FF70F40C78F+217647]
	GetHandleVerifier [0x00007FF70F3F2A44+111844]
	GetHandleVerifier [0x00007FF70F3F2BF2+112274]
	GetHandleVerifier [0x00007FF70F3D8A79+5401]
	BaseThreadInitThunk [0x00007FF82B49E8D7+23]
	RtlUserThreadStart [0x00007FF82C4B14FC+44]

2025-05-06 11:15:05,079 - INFO - Umfrage-Elemente gefunden mit Selektor: table tbody tr
2025-05-06 11:15:06,039 - INFO - Gefundene Umfragen: 0
2025-05-06 11:15:06,039 - WARNING - Keine Umfragen gefunden!
2025-05-06 11:15:06,039 - WARNING - Keine Umfragen verarbeitet oder Fehler aufgetreten!
2025-05-06 11:15:11,238 - INFO - Scraper beendet
2025-05-06 11:19:18,030 - INFO - Scraper gestartet
2025-05-06 11:19:19,843 - INFO - Login-Seite geladen
2025-05-06 11:19:20,143 - INFO - Führe JavaScript-Code für das Login aus
2025-05-06 11:19:22,156 - WARNING - Fallback-Methode fehlgeschlagen: Message: javascript error: Cannot read properties of null (reading 'value')
  (Session info: chrome=136.0.7103.48)
Stacktrace:
	GetHandleVerifier [0x00007FF70F3EA145+76773]
	GetHandleVerifier [0x00007FF70F3EA1A0+76864]
	(No symbol) [0x00007FF70F1A8F7A]
	(No symbol) [0x00007FF70F1B0978]
	(No symbol) [0x00007FF70F1B3D31]
	(No symbol) [0x00007FF70F250308]
	(No symbol) [0x00007FF70F22735A]
	(No symbol) [0x00007FF70F24F0CF]
	(No symbol) [0x00007FF70F227133]
	(No symbol) [0x00007FF70F1F04D1]
	(No symbol) [0x00007FF70F1F1263]
	GetHandleVerifier [0x00007FF70F6AA8ED+2962317]
	GetHandleVerifier [0x00007FF70F6A4EC2+2939234]
	GetHandleVerifier [0x00007FF70F6C2FF3+3062419]
	GetHandleVerifier [0x00007FF70F404B9A+185914]
	GetHandleVerifier [0x00007FF70F40C78F+217647]
	GetHandleVerifier [0x00007FF70F3F2A44+111844]
	GetHandleVerifier [0x00007FF70F3F2BF2+112274]
	GetHandleVerifier [0x00007FF70F3D8A79+5401]
	BaseThreadInitThunk [0x00007FF82B49E8D7+23]
	RtlUserThreadStart [0x00007FF82C4B14FC+44]

2025-05-06 11:19:22,157 - INFO - Warte auf URL-Änderung nach dem Login-Versuch
2025-05-06 11:19:22,170 - INFO - URL hat sich geändert: https://leser-umfrage.de/backend/
2025-05-06 11:19:22,317 - INFO - Erfolgreich eingeloggt bei campanero
2025-05-06 11:19:27,488 - INFO - Scraper beendet
2025-05-06 11:23:30,416 - INFO - Scraper gestartet
2025-05-06 11:23:32,212 - INFO - Login-Seite geladen
2025-05-06 11:23:32,555 - INFO - Führe JavaScript-Code für das Login aus
2025-05-06 11:23:34,458 - WARNING - Fallback-Methode fehlgeschlagen: Message: javascript error: Cannot read properties of null (reading 'value')
  (Session info: chrome=136.0.7103.48)
Stacktrace:
	GetHandleVerifier [0x00007FF70F3EA145+76773]
	GetHandleVerifier [0x00007FF70F3EA1A0+76864]
	(No symbol) [0x00007FF70F1A8F7A]
	(No symbol) [0x00007FF70F1B0978]
	(No symbol) [0x00007FF70F1B3D31]
	(No symbol) [0x00007FF70F250308]
	(No symbol) [0x00007FF70F22735A]
	(No symbol) [0x00007FF70F24F0CF]
	(No symbol) [0x00007FF70F227133]
	(No symbol) [0x00007FF70F1F04D1]
	(No symbol) [0x00007FF70F1F1263]
	GetHandleVerifier [0x00007FF70F6AA8ED+2962317]
	GetHandleVerifier [0x00007FF70F6A4EC2+2939234]
	GetHandleVerifier [0x00007FF70F6C2FF3+3062419]
	GetHandleVerifier [0x00007FF70F404B9A+185914]
	GetHandleVerifier [0x00007FF70F40C78F+217647]
	GetHandleVerifier [0x00007FF70F3F2A44+111844]
	GetHandleVerifier [0x00007FF70F3F2BF2+112274]
	GetHandleVerifier [0x00007FF70F3D8A79+5401]
	BaseThreadInitThunk [0x00007FF82B49E8D7+23]
	RtlUserThreadStart [0x00007FF82C4B14FC+44]

2025-05-06 11:23:34,459 - INFO - Warte auf URL-Änderung nach dem Login-Versuch
2025-05-06 11:23:34,473 - INFO - URL hat sich geändert: https://leser-umfrage.de/backend/
2025-05-06 11:23:34,601 - INFO - Erfolgreich eingeloggt bei campanero
2025-05-06 11:23:34,602 - INFO - Navigiere direkt zur Kampagnen-Seite per URL
2025-05-06 11:23:39,910 - INFO - Aktuelle URL: https://leser-umfrage.de/backend/campaigns
2025-05-06 11:23:40,074 - INFO - Navigation zur Kampagnen-Seite erfolgreich
2025-05-06 11:23:40,075 - INFO - Erfolgreich zur Kampagnen-Seite navigiert
2025-05-06 11:23:45,249 - INFO - Scraper beendet
2025-05-06 12:59:36,213 - INFO - Scraper gestartet
2025-05-06 12:59:39,029 - INFO - Login-Seite geladen
2025-05-06 12:59:39,315 - INFO - Führe JavaScript-Code für das Login aus
2025-05-06 12:59:41,236 - WARNING - Fallback-Methode fehlgeschlagen: Message: javascript error: Cannot read properties of null (reading 'value')
  (Session info: chrome=136.0.7103.48)
Stacktrace:
	GetHandleVerifier [0x00007FF70F3EA145+76773]
	GetHandleVerifier [0x00007FF70F3EA1A0+76864]
	(No symbol) [0x00007FF70F1A8F7A]
	(No symbol) [0x00007FF70F1B0978]
	(No symbol) [0x00007FF70F1B3D31]
	(No symbol) [0x00007FF70F250308]
	(No symbol) [0x00007FF70F22735A]
	(No symbol) [0x00007FF70F24F0CF]
	(No symbol) [0x00007FF70F227133]
	(No symbol) [0x00007FF70F1F04D1]
	(No symbol) [0x00007FF70F1F1263]
	GetHandleVerifier [0x00007FF70F6AA8ED+2962317]
	GetHandleVerifier [0x00007FF70F6A4EC2+2939234]
	GetHandleVerifier [0x00007FF70F6C2FF3+3062419]
	GetHandleVerifier [0x00007FF70F404B9A+185914]
	GetHandleVerifier [0x00007FF70F40C78F+217647]
	GetHandleVerifier [0x00007FF70F3F2A44+111844]
	GetHandleVerifier [0x00007FF70F3F2BF2+112274]
	GetHandleVerifier [0x00007FF70F3D8A79+5401]
	BaseThreadInitThunk [0x00007FF82B49E8D7+23]
	RtlUserThreadStart [0x00007FF82C4B14FC+44]

2025-05-06 12:59:41,236 - INFO - Warte auf URL-Änderung nach dem Login-Versuch
2025-05-06 12:59:41,244 - INFO - URL hat sich geändert: https://leser-umfrage.de/backend/
2025-05-06 12:59:41,368 - INFO - Erfolgreich eingeloggt bei campanero
2025-05-06 12:59:41,368 - INFO - Navigiere direkt zur Kampagnen-Seite per URL
2025-05-06 12:59:46,803 - INFO - Aktuelle URL: https://leser-umfrage.de/backend/campaigns
2025-05-06 12:59:46,956 - INFO - Navigation zur Kampagnen-Seite erfolgreich
2025-05-06 12:59:46,956 - INFO - Erfolgreich zur Kampagnen-Seite navigiert
2025-05-06 12:59:52,120 - INFO - Scraper beendet
2025-05-06 13:41:14,912 - INFO - Scraper gestartet
2025-05-06 13:41:17,689 - INFO - Login-Seite geladen
2025-05-06 13:41:18,002 - INFO - Führe JavaScript-Code für das Login aus
2025-05-06 13:41:19,769 - WARNING - Fallback-Methode fehlgeschlagen: Message: javascript error: Cannot read properties of null (reading 'value')
  (Session info: chrome=136.0.7103.48)
Stacktrace:
	GetHandleVerifier [0x00007FF70F3EA145+76773]
	GetHandleVerifier [0x00007FF70F3EA1A0+76864]
	(No symbol) [0x00007FF70F1A8F7A]
	(No symbol) [0x00007FF70F1B0978]
	(No symbol) [0x00007FF70F1B3D31]
	(No symbol) [0x00007FF70F250308]
	(No symbol) [0x00007FF70F22735A]
	(No symbol) [0x00007FF70F24F0CF]
	(No symbol) [0x00007FF70F227133]
	(No symbol) [0x00007FF70F1F04D1]
	(No symbol) [0x00007FF70F1F1263]
	GetHandleVerifier [0x00007FF70F6AA8ED+2962317]
	GetHandleVerifier [0x00007FF70F6A4EC2+2939234]
	GetHandleVerifier [0x00007FF70F6C2FF3+3062419]
	GetHandleVerifier [0x00007FF70F404B9A+185914]
	GetHandleVerifier [0x00007FF70F40C78F+217647]
	GetHandleVerifier [0x00007FF70F3F2A44+111844]
	GetHandleVerifier [0x00007FF70F3F2BF2+112274]
	GetHandleVerifier [0x00007FF70F3D8A79+5401]
	BaseThreadInitThunk [0x00007FF82B49E8D7+23]
	RtlUserThreadStart [0x00007FF82C4B14FC+44]

2025-05-06 13:41:19,770 - INFO - Warte auf URL-Änderung nach dem Login-Versuch
2025-05-06 13:41:19,776 - INFO - URL hat sich geändert: https://leser-umfrage.de/backend/
2025-05-06 13:41:19,921 - INFO - Erfolgreich eingeloggt bei campanero
2025-05-06 13:41:19,922 - INFO - Navigiere direkt zur Kampagnen-Seite per URL
2025-05-06 13:41:25,348 - INFO - Aktuelle URL: https://leser-umfrage.de/backend/campaigns
2025-05-06 13:41:25,523 - INFO - Navigation zur Kampagnen-Seite erfolgreich
2025-05-06 13:41:25,523 - INFO - Erfolgreich zur Kampagnen-Seite navigiert
2025-05-06 13:41:47,694 - INFO - Scraper beendet
2025-05-06 13:58:05,196 - INFO - Scraper gestartet
2025-05-06 13:58:07,080 - INFO - Login-Seite geladen
2025-05-06 13:58:07,376 - INFO - Führe JavaScript-Code für das Login aus
2025-05-06 13:58:09,404 - WARNING - Fallback-Methode fehlgeschlagen: Message: javascript error: Cannot read properties of null (reading 'value')
  (Session info: chrome=136.0.7103.48)
Stacktrace:
	GetHandleVerifier [0x00007FF70F3EA145+76773]
	GetHandleVerifier [0x00007FF70F3EA1A0+76864]
	(No symbol) [0x00007FF70F1A8F7A]
	(No symbol) [0x00007FF70F1B0978]
	(No symbol) [0x00007FF70F1B3D31]
	(No symbol) [0x00007FF70F250308]
	(No symbol) [0x00007FF70F22735A]
	(No symbol) [0x00007FF70F24F0CF]
	(No symbol) [0x00007FF70F227133]
	(No symbol) [0x00007FF70F1F04D1]
	(No symbol) [0x00007FF70F1F1263]
	GetHandleVerifier [0x00007FF70F6AA8ED+2962317]
	GetHandleVerifier [0x00007FF70F6A4EC2+2939234]
	GetHandleVerifier [0x00007FF70F6C2FF3+3062419]
	GetHandleVerifier [0x00007FF70F404B9A+185914]
	GetHandleVerifier [0x00007FF70F40C78F+217647]
	GetHandleVerifier [0x00007FF70F3F2A44+111844]
	GetHandleVerifier [0x00007FF70F3F2BF2+112274]
	GetHandleVerifier [0x00007FF70F3D8A79+5401]
	BaseThreadInitThunk [0x00007FF82B49E8D7+23]
	RtlUserThreadStart [0x00007FF82C4B14FC+44]

2025-05-06 13:58:09,405 - INFO - Warte auf URL-Änderung nach dem Login-Versuch
2025-05-06 13:58:09,413 - INFO - URL hat sich geändert: https://leser-umfrage.de/backend/
2025-05-06 13:58:09,537 - INFO - Erfolgreich eingeloggt bei campanero
2025-05-06 13:58:09,538 - INFO - Navigiere direkt zur Kampagnen-Seite per URL
2025-05-06 13:58:14,538 - INFO - Aktuelle URL: https://leser-umfrage.de/backend/campaigns
2025-05-06 13:58:14,694 - INFO - Navigation zur Kampagnen-Seite erfolgreich
2025-05-06 13:58:14,695 - INFO - Erfolgreich zur Kampagnen-Seite navigiert
2025-05-06 13:58:14,695 - INFO - Suche nach Kampagnen mit dem Begriff: Politik
2025-05-06 13:58:14,788 - INFO - Suchbegriff eingegeben, warte auf Filterergebnisse
2025-05-06 13:58:16,932 - INFO - Suche nach 'Politik' erfolgreich durchgeführt
2025-05-06 13:58:39,141 - INFO - Scraper beendet
2025-05-06 14:02:53,366 - INFO - Scraper gestartet
2025-05-06 14:02:55,706 - INFO - Login-Seite geladen
2025-05-06 14:02:56,012 - INFO - Führe JavaScript-Code für das Login aus
2025-05-06 14:02:58,027 - WARNING - Fallback-Methode fehlgeschlagen: Message: javascript error: Cannot read properties of null (reading 'value')
  (Session info: chrome=136.0.7103.48)
Stacktrace:
	GetHandleVerifier [0x00007FF70F3EA145+76773]
	GetHandleVerifier [0x00007FF70F3EA1A0+76864]
	(No symbol) [0x00007FF70F1A8F7A]
	(No symbol) [0x00007FF70F1B0978]
	(No symbol) [0x00007FF70F1B3D31]
	(No symbol) [0x00007FF70F250308]
	(No symbol) [0x00007FF70F22735A]
	(No symbol) [0x00007FF70F24F0CF]
	(No symbol) [0x00007FF70F227133]
	(No symbol) [0x00007FF70F1F04D1]
	(No symbol) [0x00007FF70F1F1263]
	GetHandleVerifier [0x00007FF70F6AA8ED+2962317]
	GetHandleVerifier [0x00007FF70F6A4EC2+2939234]
	GetHandleVerifier [0x00007FF70F6C2FF3+3062419]
	GetHandleVerifier [0x00007FF70F404B9A+185914]
	GetHandleVerifier [0x00007FF70F40C78F+217647]
	GetHandleVerifier [0x00007FF70F3F2A44+111844]
	GetHandleVerifier [0x00007FF70F3F2BF2+112274]
	GetHandleVerifier [0x00007FF70F3D8A79+5401]
	BaseThreadInitThunk [0x00007FF82B49E8D7+23]
	RtlUserThreadStart [0x00007FF82C4B14FC+44]

2025-05-06 14:02:58,028 - INFO - Warte auf URL-Änderung nach dem Login-Versuch
2025-05-06 14:02:58,038 - INFO - URL hat sich geändert: https://leser-umfrage.de/backend/
2025-05-06 14:02:58,163 - INFO - Erfolgreich eingeloggt bei campanero
2025-05-06 14:02:58,164 - INFO - Navigiere direkt zur Kampagnen-Seite per URL
2025-05-06 14:03:03,306 - INFO - Aktuelle URL: https://leser-umfrage.de/backend/campaigns
2025-05-06 14:03:03,462 - INFO - Navigation zur Kampagnen-Seite erfolgreich
2025-05-06 14:03:03,462 - INFO - Erfolgreich zur Kampagnen-Seite navigiert
2025-05-06 14:03:03,462 - INFO - Suche nach Kampagnen mit dem Begriff: Politik
2025-05-06 14:03:03,542 - INFO - Suchbegriff eingegeben, warte auf Filterergebnisse
2025-05-06 14:03:05,681 - INFO - Suche nach 'Politik' erfolgreich durchgeführt
2025-05-06 14:03:05,681 - INFO - Suche nach dem Status-Filter
2025-05-06 14:03:05,714 - INFO - Status-Filter gefunden
2025-05-06 14:03:05,846 - INFO - Pfeil-Element im Status-Filter gefunden, klicke darauf
2025-05-06 14:03:17,272 - INFO - Versuche, Option 'aktiv' per JavaScript zu finden und zu klicken
2025-05-06 14:03:19,407 - INFO - Filterung nach Status 'aktiv' abgeschlossen
2025-05-06 14:03:19,407 - INFO - Filterung nach Status 'aktiv' erfolgreich
2025-05-06 14:03:41,603 - INFO - Scraper beendet
2025-05-06 14:06:52,741 - INFO - Scraper gestartet
2025-05-06 14:06:54,660 - INFO - Login-Seite geladen
2025-05-06 14:06:55,010 - INFO - Führe JavaScript-Code für das Login aus
2025-05-06 14:06:56,744 - WARNING - Fallback-Methode fehlgeschlagen: Message: javascript error: Cannot read properties of null (reading 'value')
  (Session info: chrome=136.0.7103.48)
Stacktrace:
	GetHandleVerifier [0x00007FF70F3EA145+76773]
	GetHandleVerifier [0x00007FF70F3EA1A0+76864]
	(No symbol) [0x00007FF70F1A8F7A]
	(No symbol) [0x00007FF70F1B0978]
	(No symbol) [0x00007FF70F1B3D31]
	(No symbol) [0x00007FF70F250308]
	(No symbol) [0x00007FF70F22735A]
	(No symbol) [0x00007FF70F24F0CF]
	(No symbol) [0x00007FF70F227133]
	(No symbol) [0x00007FF70F1F04D1]
	(No symbol) [0x00007FF70F1F1263]
	GetHandleVerifier [0x00007FF70F6AA8ED+2962317]
	GetHandleVerifier [0x00007FF70F6A4EC2+2939234]
	GetHandleVerifier [0x00007FF70F6C2FF3+3062419]
	GetHandleVerifier [0x00007FF70F404B9A+185914]
	GetHandleVerifier [0x00007FF70F40C78F+217647]
	GetHandleVerifier [0x00007FF70F3F2A44+111844]
	GetHandleVerifier [0x00007FF70F3F2BF2+112274]
	GetHandleVerifier [0x00007FF70F3D8A79+5401]
	BaseThreadInitThunk [0x00007FF82B49E8D7+23]
	RtlUserThreadStart [0x00007FF82C4B14FC+44]

2025-05-06 14:06:56,745 - INFO - Warte auf URL-Änderung nach dem Login-Versuch
2025-05-06 14:06:56,751 - INFO - URL hat sich geändert: https://leser-umfrage.de/backend/
2025-05-06 14:06:56,913 - INFO - Erfolgreich eingeloggt bei campanero
2025-05-06 14:06:56,913 - INFO - Navigiere direkt zur Kampagnen-Seite per URL
2025-05-06 14:07:01,856 - INFO - Aktuelle URL: https://leser-umfrage.de/backend/campaigns
2025-05-06 14:07:02,005 - INFO - Navigation zur Kampagnen-Seite erfolgreich
2025-05-06 14:07:02,005 - INFO - Erfolgreich zur Kampagnen-Seite navigiert
2025-05-06 14:07:02,005 - INFO - Suche nach Kampagnen mit dem Begriff: Politik
2025-05-06 14:07:02,071 - INFO - Suchbegriff eingegeben, warte auf Filterergebnisse
2025-05-06 14:07:04,209 - INFO - Suche nach 'Politik' erfolgreich durchgeführt
2025-05-06 14:07:04,209 - INFO - Suche nach dem Status-Filter
2025-05-06 14:07:04,267 - INFO - Status-Filter gefunden
2025-05-06 14:07:04,419 - INFO - Pfeil-Element im Status-Filter gefunden, klicke darauf
2025-05-06 14:07:05,654 - INFO - Suche nach dem 'aktiv'-Element im geöffneten Dropdown
2025-05-06 14:07:05,774 - INFO - 'aktiv'-Element gefunden (Label), klicke darauf
2025-05-06 14:07:07,971 - INFO - Filterung nach Status 'aktiv' abgeschlossen
2025-05-06 14:07:07,971 - INFO - Filterung nach Status 'aktiv' erfolgreich
2025-05-06 14:07:30,134 - INFO - Scraper beendet
2025-05-06 14:10:24,366 - INFO - Scraper gestartet
2025-05-06 14:10:26,492 - INFO - Login-Seite geladen
2025-05-06 14:10:26,812 - INFO - Führe JavaScript-Code für das Login aus
2025-05-06 14:10:28,479 - WARNING - Fallback-Methode fehlgeschlagen: Message: javascript error: Cannot read properties of null (reading 'value')
  (Session info: chrome=136.0.7103.48)
Stacktrace:
	GetHandleVerifier [0x00007FF70F3EA145+76773]
	GetHandleVerifier [0x00007FF70F3EA1A0+76864]
	(No symbol) [0x00007FF70F1A8F7A]
	(No symbol) [0x00007FF70F1B0978]
	(No symbol) [0x00007FF70F1B3D31]
	(No symbol) [0x00007FF70F250308]
	(No symbol) [0x00007FF70F22735A]
	(No symbol) [0x00007FF70F24F0CF]
	(No symbol) [0x00007FF70F227133]
	(No symbol) [0x00007FF70F1F04D1]
	(No symbol) [0x00007FF70F1F1263]
	GetHandleVerifier [0x00007FF70F6AA8ED+2962317]
	GetHandleVerifier [0x00007FF70F6A4EC2+2939234]
	GetHandleVerifier [0x00007FF70F6C2FF3+3062419]
	GetHandleVerifier [0x00007FF70F404B9A+185914]
	GetHandleVerifier [0x00007FF70F40C78F+217647]
	GetHandleVerifier [0x00007FF70F3F2A44+111844]
	GetHandleVerifier [0x00007FF70F3F2BF2+112274]
	GetHandleVerifier [0x00007FF70F3D8A79+5401]
	BaseThreadInitThunk [0x00007FF82B49E8D7+23]
	RtlUserThreadStart [0x00007FF82C4B14FC+44]

2025-05-06 14:10:28,479 - INFO - Warte auf URL-Änderung nach dem Login-Versuch
2025-05-06 14:10:28,489 - INFO - URL hat sich geändert: https://leser-umfrage.de/backend/
2025-05-06 14:10:28,617 - INFO - Erfolgreich eingeloggt bei campanero
2025-05-06 14:10:28,617 - INFO - Navigiere direkt zur Kampagnen-Seite per URL
2025-05-06 14:10:33,734 - INFO - Aktuelle URL: https://leser-umfrage.de/backend/campaigns
2025-05-06 14:10:33,894 - INFO - Navigation zur Kampagnen-Seite erfolgreich
2025-05-06 14:10:33,895 - INFO - Erfolgreich zur Kampagnen-Seite navigiert
2025-05-06 14:10:33,895 - INFO - Suche nach Kampagnen mit dem Begriff: Politik
2025-05-06 14:10:33,969 - INFO - Suchbegriff eingegeben, warte auf Filterergebnisse
2025-05-06 14:10:36,108 - INFO - Suche nach 'Politik' erfolgreich durchgeführt
2025-05-06 14:10:36,108 - INFO - Suche nach dem Status-Filter
2025-05-06 14:10:36,143 - INFO - Status-Filter gefunden
2025-05-06 14:10:36,277 - INFO - Pfeil-Element im Status-Filter gefunden, klicke darauf
2025-05-06 14:10:37,461 - INFO - Suche nach dem 'aktiv'-Element im geöffneten Dropdown
2025-05-06 14:10:37,487 - INFO - 'aktiv'-Element gefunden (Label), klicke darauf
2025-05-06 14:10:39,652 - INFO - Filterung nach Status 'aktiv' abgeschlossen
2025-05-06 14:10:39,652 - INFO - Filterung nach Status 'aktiv' erfolgreich
2025-05-06 14:10:39,652 - INFO - Zähle Einträge in der Kampagnen-Tabelle
2025-05-06 14:10:39,670 - INFO - Anzahl der Einträge in der Kampagnen-Tabelle: 9
2025-05-06 14:10:39,671 - INFO - Details zu den ersten Einträgen:
2025-05-06 14:10:39,688 - INFO -   Eintrag 1: 
2025-05-06 14:10:39,700 - INFO -   Eintrag 2: 
2025-05-06 14:10:39,712 - INFO -   Eintrag 3: 
2025-05-06 14:10:39,839 - INFO - Gefundene Kampagnen nach Filterung: 9
2025-05-06 14:11:02,057 - INFO - Scraper beendet
2025-05-06 14:33:31,863 - INFO - Scraper gestartet
2025-05-06 14:33:33,966 - INFO - Login-Seite geladen
2025-05-06 14:33:34,278 - INFO - Führe JavaScript-Code für das Login aus
2025-05-06 14:33:36,171 - WARNING - Fallback-Methode fehlgeschlagen: Message: javascript error: Cannot read properties of null (reading 'value')
  (Session info: chrome=136.0.7103.48)
Stacktrace:
	GetHandleVerifier [0x00007FF70F3EA145+76773]
	GetHandleVerifier [0x00007FF70F3EA1A0+76864]
	(No symbol) [0x00007FF70F1A8F7A]
	(No symbol) [0x00007FF70F1B0978]
	(No symbol) [0x00007FF70F1B3D31]
	(No symbol) [0x00007FF70F250308]
	(No symbol) [0x00007FF70F22735A]
	(No symbol) [0x00007FF70F24F0CF]
	(No symbol) [0x00007FF70F227133]
	(No symbol) [0x00007FF70F1F04D1]
	(No symbol) [0x00007FF70F1F1263]
	GetHandleVerifier [0x00007FF70F6AA8ED+2962317]
	GetHandleVerifier [0x00007FF70F6A4EC2+2939234]
	GetHandleVerifier [0x00007FF70F6C2FF3+3062419]
	GetHandleVerifier [0x00007FF70F404B9A+185914]
	GetHandleVerifier [0x00007FF70F40C78F+217647]
	GetHandleVerifier [0x00007FF70F3F2A44+111844]
	GetHandleVerifier [0x00007FF70F3F2BF2+112274]
	GetHandleVerifier [0x00007FF70F3D8A79+5401]
	BaseThreadInitThunk [0x00007FF82B49E8D7+23]
	RtlUserThreadStart [0x00007FF82C4B14FC+44]

2025-05-06 14:33:36,171 - INFO - Warte auf URL-Änderung nach dem Login-Versuch
2025-05-06 14:33:36,183 - INFO - URL hat sich geändert: https://leser-umfrage.de/backend/
2025-05-06 14:33:36,326 - INFO - Erfolgreich eingeloggt bei campanero
2025-05-06 14:33:36,327 - INFO - Navigiere direkt zur Kampagnen-Seite per URL
2025-05-06 14:33:41,812 - INFO - Aktuelle URL: https://leser-umfrage.de/backend/campaigns
2025-05-06 14:33:41,965 - INFO - Navigation zur Kampagnen-Seite erfolgreich
2025-05-06 14:33:41,965 - INFO - Erfolgreich zur Kampagnen-Seite navigiert
2025-05-06 14:33:41,966 - INFO - Suche nach Kampagnen mit dem Begriff: Politik
2025-05-06 14:33:42,043 - INFO - Suchbegriff eingegeben, warte auf Filterergebnisse
2025-05-06 14:33:44,187 - INFO - Suche nach 'Politik' erfolgreich durchgeführt
2025-05-06 14:33:44,187 - INFO - Suche nach dem Status-Filter
2025-05-06 14:33:44,225 - INFO - Status-Filter gefunden
2025-05-06 14:33:44,370 - INFO - Pfeil-Element im Status-Filter gefunden, klicke darauf
2025-05-06 14:33:45,553 - INFO - Suche nach dem 'aktiv'-Element im geöffneten Dropdown
2025-05-06 14:33:45,580 - INFO - 'aktiv'-Element gefunden (Label), klicke darauf
2025-05-06 14:33:47,768 - INFO - Filterung nach Status 'aktiv' abgeschlossen
2025-05-06 14:33:47,769 - INFO - Filterung nach Status 'aktiv' erfolgreich
2025-05-06 14:33:47,769 - INFO - Zähle Einträge in der Kampagnen-Tabelle und lese Spalteninhalte
2025-05-06 14:33:47,877 - INFO - Spaltenüberschriften der Tabelle:
2025-05-06 14:33:47,877 - INFO -   Spalte 1: 
2025-05-06 14:33:47,878 - INFO -   Spalte 2: 
2025-05-06 14:33:47,878 - INFO -   Spalte 3: Titel
2025-05-06 14:33:47,879 - INFO -   Spalte 4: Typ
2025-05-06 14:33:47,879 - INFO -   Spalte 5: Kat.
2025-05-06 14:33:47,879 - INFO -   Spalte 6: Name
2025-05-06 14:33:47,880 - INFO -   Spalte 7: Start
2025-05-06 14:33:47,880 - INFO -   Spalte 8: Ende
2025-05-06 14:33:47,880 - INFO -   Spalte 9: Teilnehmer
2025-05-06 14:33:47,881 - INFO -   Spalte 10: Registrierungen
2025-05-06 14:33:47,881 - INFO -   Spalte 11: Bestellungen
2025-05-06 14:33:47,881 - INFO -   Spalte 12: Status
2025-05-06 14:33:47,882 - INFO -   Spalte 13: Aktion
2025-05-06 14:33:47,891 - INFO - Anzahl der Einträge in der Kampagnen-Tabelle: 9
2025-05-06 14:33:47,891 - INFO - Inhalte der Tabellenzeilen:
2025-05-06 14:33:47,892 - INFO - Eintrag 1:
2025-05-06 14:33:47,909 - INFO -   : 
2025-05-06 14:33:47,932 - INFO -   : 
2025-05-06 14:33:47,948 - INFO -   Titel: RND
2025-05-06 14:33:47,965 - INFO -   Typ: Umfrage
2025-05-06 14:33:47,980 - INFO -   Kat.: RED
2025-05-06 14:33:47,997 - INFO -   Name: Poli in Sachsen 6.5.
2025-05-06 14:33:48,012 - INFO -   Start: 06.05.2025
2025-05-06 14:33:48,026 - INFO -   Ende: 06.05.2025
2025-05-06 14:33:48,042 - INFO -   Teilnehmer: 369
2025-05-06 14:33:48,057 - INFO -   Registrierungen: 
2025-05-06 14:33:48,072 - INFO -   Bestellungen: –
2025-05-06 14:33:48,087 - INFO -   Status: 
2025-05-06 14:33:48,102 - INFO -   Aktion: –
2025-05-06 14:33:48,118 - INFO -   Spalte 14: 
2025-05-06 14:33:48,133 - INFO -   Spalte 15: aktiv
2025-05-06 14:33:48,150 - INFO -   Spalte 16: 
2025-05-06 14:33:48,189 - INFO - Eintrag 2:
2025-05-06 14:33:48,200 - INFO -   : 
2025-05-06 14:33:48,216 - INFO -   : 
2025-05-06 14:33:48,231 - INFO -   Titel: RND
2025-05-06 14:33:48,247 - INFO -   Typ: Umfrage
2025-05-06 14:33:48,264 - INFO -   Kat.: RED
2025-05-06 14:33:48,280 - INFO -   Name: Politik-in-Nied (ET 6.5)
2025-05-06 14:33:48,297 - INFO -   Start: 05.05.2025
2025-05-06 14:33:48,313 - INFO -   Ende: 06.05.2025
2025-05-06 14:33:48,332 - INFO -   Teilnehmer: 760
2025-05-06 14:33:48,357 - INFO -   Registrierungen: 
2025-05-06 14:33:48,388 - INFO -   Bestellungen: –
2025-05-06 14:33:48,422 - INFO -   Status: 
2025-05-06 14:33:48,452 - INFO -   Aktion: –
2025-05-06 14:33:48,482 - INFO -   Spalte 14: 
2025-05-06 14:33:48,505 - INFO -   Spalte 15: aktiv
2025-05-06 14:33:48,521 - INFO -   Spalte 16: 
2025-05-06 14:33:48,558 - INFO - Eintrag 3:
2025-05-06 14:33:48,569 - INFO -   : 
2025-05-06 14:33:48,584 - INFO -   : 
2025-05-06 14:33:48,599 - INFO -   Titel: RND
2025-05-06 14:33:48,614 - INFO -   Typ: Umfrage
2025-05-06 14:33:48,630 - INFO -   Kat.: RED
2025-05-06 14:33:48,645 - INFO -   Name: Politik-in-SH 06. Mai
2025-05-06 14:33:48,659 - INFO -   Start: 05.05.2025
2025-05-06 14:33:48,675 - INFO -   Ende: 06.05.2025
2025-05-06 14:33:48,690 - INFO -   Teilnehmer: 226
2025-05-06 14:33:48,705 - INFO -   Registrierungen: 
2025-05-06 14:33:48,721 - INFO -   Bestellungen: –
2025-05-06 14:33:48,737 - INFO -   Status: 
2025-05-06 14:33:48,752 - INFO -   Aktion: –
2025-05-06 14:33:48,767 - INFO -   Spalte 14: 
2025-05-06 14:33:48,783 - INFO -   Spalte 15: aktiv
2025-05-06 14:33:48,799 - INFO -   Spalte 16: 
2025-05-06 14:33:48,842 - INFO - Eintrag 4:
2025-05-06 14:33:48,854 - INFO -   : 
2025-05-06 14:33:48,871 - INFO -   : 
2025-05-06 14:33:48,887 - INFO -   Titel: MAZ
2025-05-06 14:33:48,904 - INFO -   Typ: Umfrage
2025-05-06 14:33:48,919 - INFO -   Kat.: RED
2025-05-06 14:33:48,936 - INFO -   Name: NL-Umfrage 06.05.25
2025-05-06 14:33:48,951 - INFO -   Start: 05.05.2025
2025-05-06 14:33:48,967 - INFO -   Ende: 06.05.2025
2025-05-06 14:33:48,982 - INFO -   Teilnehmer: 481
2025-05-06 14:33:48,998 - INFO -   Registrierungen: 
2025-05-06 14:33:49,015 - INFO -   Bestellungen: –
2025-05-06 14:33:49,032 - INFO -   Status: 
2025-05-06 14:33:49,048 - INFO -   Aktion: –
2025-05-06 14:33:49,065 - INFO -   Spalte 14: 
2025-05-06 14:33:49,082 - INFO -   Spalte 15: aktiv
2025-05-06 14:33:49,100 - INFO -   Spalte 16: 
2025-05-06 14:33:49,139 - INFO - Eintrag 5:
2025-05-06 14:33:49,152 - INFO -   : 
2025-05-06 14:33:49,185 - INFO -   : 
2025-05-06 14:33:49,203 - INFO -   Titel: RND
2025-05-06 14:33:49,219 - INFO -   Typ: Umfrage
2025-05-06 14:33:49,237 - INFO -   Kat.: RED
2025-05-06 14:33:49,256 - INFO -   Name: Politik in Sachsen, 5. Mai
2025-05-06 14:33:49,272 - INFO -   Start: 02.05.2025
2025-05-06 14:33:49,288 - INFO -   Ende: -
2025-05-06 14:33:49,303 - INFO -   Teilnehmer: 2.755
2025-05-06 14:33:49,319 - INFO -   Registrierungen: 
2025-05-06 14:33:49,335 - INFO -   Bestellungen: –
2025-05-06 14:33:49,351 - INFO -   Status: 
2025-05-06 14:33:49,367 - INFO -   Aktion: –
2025-05-06 14:33:49,384 - INFO -   Spalte 14: 
2025-05-06 14:33:49,401 - INFO -   Spalte 15: aktiv
2025-05-06 14:33:49,418 - INFO -   Spalte 16: 
2025-05-06 14:33:49,456 - INFO - Eintrag 6:
2025-05-06 14:33:49,468 - INFO -   : 
2025-05-06 14:33:49,485 - INFO -   : 
2025-05-06 14:33:49,501 - INFO -   Titel: OZ
2025-05-06 14:33:49,517 - INFO -   Typ: Umfrage
2025-05-06 14:33:49,532 - INFO -   Kat.: RED
2025-05-06 14:33:49,548 - INFO -   Name: Kaufen Sie noch US-Produkte?
2025-05-06 14:33:49,565 - INFO -   Start: 02.05.2025
2025-05-06 14:33:49,581 - INFO -   Ende: 16.05.2025
2025-05-06 14:33:49,596 - INFO -   Teilnehmer: 628
2025-05-06 14:33:49,611 - INFO -   Registrierungen: 
2025-05-06 14:33:49,627 - INFO -   Bestellungen: –
2025-05-06 14:33:49,642 - INFO -   Status: 
2025-05-06 14:33:49,658 - INFO -   Aktion: –
2025-05-06 14:33:49,674 - INFO -   Spalte 14: 
2025-05-06 14:33:49,689 - INFO -   Spalte 15: aktiv
2025-05-06 14:33:49,705 - INFO -   Spalte 16: 
2025-05-06 14:33:49,741 - INFO - Eintrag 7:
2025-05-06 14:33:49,753 - INFO -   : 
2025-05-06 14:33:49,768 - INFO -   : 
2025-05-06 14:33:49,784 - INFO -   Titel: RND
2025-05-06 14:33:49,801 - INFO -   Typ: Umfrage
2025-05-06 14:33:49,817 - INFO -   Kat.: RED
2025-05-06 14:33:49,834 - INFO -   Name: Politik in Sachsen 2. Mai
2025-05-06 14:33:49,850 - INFO -   Start: 30.04.2025
2025-05-06 14:33:49,866 - INFO -   Ende: -
2025-05-06 14:33:49,883 - INFO -   Teilnehmer: 524
2025-05-06 14:33:49,901 - INFO -   Registrierungen: 
2025-05-06 14:33:49,917 - INFO -   Bestellungen: –
2025-05-06 14:33:49,933 - INFO -   Status: 
2025-05-06 14:33:49,949 - INFO -   Aktion: –
2025-05-06 14:33:49,965 - INFO -   Spalte 14: 
2025-05-06 14:33:49,980 - INFO -   Spalte 15: aktiv
2025-05-06 14:33:49,995 - INFO -   Spalte 16: 
2025-05-06 14:33:50,031 - INFO - Eintrag 8:
2025-05-06 14:33:50,042 - INFO -   : 
2025-05-06 14:33:50,057 - INFO -   : 
2025-05-06 14:33:50,073 - INFO -   Titel: OZ
2025-05-06 14:33:50,090 - INFO -   Typ: Umfrage
2025-05-06 14:33:50,109 - INFO -   Kat.: RED
2025-05-06 14:33:50,125 - INFO -   Name: AfD Verantwortung in MV (Politik in MV-Newsletter)
2025-05-06 14:33:50,141 - INFO -   Start: 29.04.2025
2025-05-06 14:33:50,158 - INFO -   Ende: 13.05.2025
2025-05-06 14:33:50,173 - INFO -   Teilnehmer: 1.270
2025-05-06 14:33:50,190 - INFO -   Registrierungen: 
2025-05-06 14:33:50,205 - INFO -   Bestellungen: 48
2025-05-06 14:33:50,220 - INFO -   Status: 
2025-05-06 14:33:50,236 - INFO -   Aktion: –
2025-05-06 14:33:50,252 - INFO -   Spalte 14: 
2025-05-06 14:33:50,268 - INFO -   Spalte 15: aktiv
2025-05-06 14:33:50,284 - INFO -   Spalte 16: 
2025-05-06 14:33:50,322 - INFO - Eintrag 9:
2025-05-06 14:33:50,333 - INFO -   : 
2025-05-06 14:33:50,351 - INFO -   : 
2025-05-06 14:33:50,367 - INFO -   Titel: OZ
2025-05-06 14:33:50,385 - INFO -   Typ: Umfrage
2025-05-06 14:33:50,401 - INFO -   Kat.: RED
2025-05-06 14:33:50,418 - INFO -   Name: USA-Reise? (VORLAGE Politik in MV-Newsletter)
2025-05-06 14:33:50,436 - INFO -   Start: 28.04.2025
2025-05-06 14:33:50,475 - INFO -   Ende: 13.05.2025
2025-05-06 14:33:50,513 - INFO -   Teilnehmer: 1.237
2025-05-06 14:33:50,544 - INFO -   Registrierungen: 
2025-05-06 14:33:50,565 - INFO -   Bestellungen: 42
2025-05-06 14:33:50,588 - INFO -   Status: 
2025-05-06 14:33:50,609 - INFO -   Aktion: –
2025-05-06 14:33:50,635 - INFO -   Spalte 14: 
2025-05-06 14:33:50,669 - INFO -   Spalte 15: aktiv
2025-05-06 14:33:50,695 - INFO -   Spalte 16: 
2025-05-06 14:33:50,864 - INFO - Gefundene Kampagnen nach Filterung: 9
2025-05-06 14:34:13,024 - INFO - Scraper beendet
2025-05-06 14:48:42,403 - INFO - Scraper gestartet
2025-05-06 14:48:44,373 - INFO - Login-Seite geladen
2025-05-06 14:48:44,670 - INFO - Führe JavaScript-Code für das Login aus
2025-05-06 14:48:46,637 - WARNING - Fallback-Methode fehlgeschlagen: Message: javascript error: Cannot read properties of null (reading 'value')
  (Session info: chrome=136.0.7103.48)
Stacktrace:
	GetHandleVerifier [0x00007FF70F3EA145+76773]
	GetHandleVerifier [0x00007FF70F3EA1A0+76864]
	(No symbol) [0x00007FF70F1A8F7A]
	(No symbol) [0x00007FF70F1B0978]
	(No symbol) [0x00007FF70F1B3D31]
	(No symbol) [0x00007FF70F250308]
	(No symbol) [0x00007FF70F22735A]
	(No symbol) [0x00007FF70F24F0CF]
	(No symbol) [0x00007FF70F227133]
	(No symbol) [0x00007FF70F1F04D1]
	(No symbol) [0x00007FF70F1F1263]
	GetHandleVerifier [0x00007FF70F6AA8ED+2962317]
	GetHandleVerifier [0x00007FF70F6A4EC2+2939234]
	GetHandleVerifier [0x00007FF70F6C2FF3+3062419]
	GetHandleVerifier [0x00007FF70F404B9A+185914]
	GetHandleVerifier [0x00007FF70F40C78F+217647]
	GetHandleVerifier [0x00007FF70F3F2A44+111844]
	GetHandleVerifier [0x00007FF70F3F2BF2+112274]
	GetHandleVerifier [0x00007FF70F3D8A79+5401]
	BaseThreadInitThunk [0x00007FF82B49E8D7+23]
	RtlUserThreadStart [0x00007FF82C4B14FC+44]

2025-05-06 14:48:46,638 - INFO - Warte auf URL-Änderung nach dem Login-Versuch
2025-05-06 14:48:46,646 - INFO - URL hat sich geändert: https://leser-umfrage.de/backend/
2025-05-06 14:48:46,779 - INFO - Erfolgreich eingeloggt bei campanero
2025-05-06 14:48:46,779 - INFO - Navigiere direkt zur Kampagnen-Seite per URL
2025-05-06 14:48:52,643 - INFO - Aktuelle URL: https://leser-umfrage.de/backend/campaigns
2025-05-06 14:48:52,796 - INFO - Navigation zur Kampagnen-Seite erfolgreich
2025-05-06 14:48:52,796 - INFO - Erfolgreich zur Kampagnen-Seite navigiert
2025-05-06 14:48:52,797 - INFO - Suche nach Kampagnen mit dem Begriff: Politik
2025-05-06 14:48:52,860 - INFO - Suchbegriff eingegeben, warte auf Filterergebnisse
2025-05-06 14:48:55,012 - INFO - Suche nach 'Politik' erfolgreich durchgeführt
2025-05-06 14:48:55,012 - INFO - Suche nach dem Status-Filter
2025-05-06 14:48:55,044 - INFO - Status-Filter gefunden
2025-05-06 14:48:55,190 - INFO - Pfeil-Element im Status-Filter gefunden, klicke darauf
2025-05-06 14:48:56,390 - INFO - Suche nach dem 'aktiv'-Element im geöffneten Dropdown
2025-05-06 14:48:56,417 - INFO - 'aktiv'-Element gefunden (Label), klicke darauf
2025-05-06 14:48:58,602 - INFO - Filterung nach Status 'aktiv' abgeschlossen
2025-05-06 14:48:58,603 - INFO - Filterung nach Status 'aktiv' erfolgreich
2025-05-06 14:48:58,603 - INFO - Zähle Einträge in der Kampagnen-Tabelle und lese Spalteninhalte
2025-05-06 14:48:58,702 - INFO - Spaltenüberschriften der Tabelle:
2025-05-06 14:48:58,703 - INFO -   Spalte 1: 
2025-05-06 14:48:58,703 - INFO -   Spalte 2: 
2025-05-06 14:48:58,703 - INFO -   Spalte 3: Titel
2025-05-06 14:48:58,704 - INFO -   Spalte 4: Typ
2025-05-06 14:48:58,704 - INFO -   Spalte 5: Kat.
2025-05-06 14:48:58,705 - INFO -   Spalte 6: Name
2025-05-06 14:48:58,705 - INFO -   Spalte 7: Start
2025-05-06 14:48:58,706 - INFO -   Spalte 8: Ende
2025-05-06 14:48:58,706 - INFO -   Spalte 9: Teilnehmer
2025-05-06 14:48:58,706 - INFO -   Spalte 10: Registrierungen
2025-05-06 14:48:58,707 - INFO -   Spalte 11: Bestellungen
2025-05-06 14:48:58,707 - INFO -   Spalte 12: Status
2025-05-06 14:48:58,707 - INFO -   Spalte 13: Aktion
2025-05-06 14:48:58,716 - INFO - Anzahl der Einträge in der Kampagnen-Tabelle: 9
2025-05-06 14:48:58,716 - INFO - Inhalte der Tabellenzeilen:
2025-05-06 14:48:58,717 - INFO - Eintrag 1:
2025-05-06 14:48:58,731 - INFO -   : 
2025-05-06 14:48:58,754 - INFO -   : 
2025-05-06 14:48:58,773 - INFO -   Titel: RND
2025-05-06 14:48:58,789 - INFO -   Typ: Umfrage
2025-05-06 14:48:58,806 - INFO -   Kat.: RED
2025-05-06 14:48:58,822 - INFO -   Name: Poli in Sachsen 6.5.
2025-05-06 14:48:58,839 - INFO -   Start: 06.05.2025
2025-05-06 14:48:58,855 - INFO -   Ende: 06.05.2025
2025-05-06 14:48:58,871 - INFO -   Teilnehmer: 371
2025-05-06 14:48:58,887 - INFO -   Registrierungen: 
2025-05-06 14:48:58,902 - INFO -   Bestellungen: –
2025-05-06 14:48:58,917 - INFO -   Status: 
2025-05-06 14:48:58,932 - INFO -   Aktion: –
2025-05-06 14:48:58,947 - INFO -   Spalte 14: 
2025-05-06 14:48:58,961 - INFO -   Spalte 15: aktiv
2025-05-06 14:48:58,978 - INFO -   Spalte 16: 
2025-05-06 14:48:59,022 - INFO - Eintrag 2:
2025-05-06 14:48:59,034 - INFO -   : 
2025-05-06 14:48:59,052 - INFO -   : 
2025-05-06 14:48:59,068 - INFO -   Titel: RND
2025-05-06 14:48:59,085 - INFO -   Typ: Umfrage
2025-05-06 14:48:59,101 - INFO -   Kat.: RED
2025-05-06 14:48:59,117 - INFO -   Name: Politik-in-Nied (ET 6.5)
2025-05-06 14:48:59,134 - INFO -   Start: 05.05.2025
2025-05-06 14:48:59,152 - INFO -   Ende: 06.05.2025
2025-05-06 14:48:59,170 - INFO -   Teilnehmer: 764
2025-05-06 14:48:59,196 - INFO -   Registrierungen: 
2025-05-06 14:48:59,222 - INFO -   Bestellungen: –
2025-05-06 14:48:59,249 - INFO -   Status: 
2025-05-06 14:48:59,280 - INFO -   Aktion: –
2025-05-06 14:48:59,304 - INFO -   Spalte 14: 
2025-05-06 14:48:59,330 - INFO -   Spalte 15: aktiv
2025-05-06 14:48:59,354 - INFO -   Spalte 16: 
2025-05-06 14:48:59,409 - INFO - Eintrag 3:
2025-05-06 14:48:59,423 - INFO -   : 
2025-05-06 14:48:59,442 - INFO -   : 
2025-05-06 14:48:59,460 - INFO -   Titel: RND
2025-05-06 14:48:59,478 - INFO -   Typ: Umfrage
2025-05-06 14:48:59,497 - INFO -   Kat.: RED
2025-05-06 14:48:59,521 - INFO -   Name: Politik-in-SH 06. Mai
2025-05-06 14:48:59,541 - INFO -   Start: 05.05.2025
2025-05-06 14:48:59,559 - INFO -   Ende: 06.05.2025
2025-05-06 14:48:59,579 - INFO -   Teilnehmer: 228
2025-05-06 14:48:59,598 - INFO -   Registrierungen: 
2025-05-06 14:48:59,619 - INFO -   Bestellungen: –
2025-05-06 14:48:59,637 - INFO -   Status: 
2025-05-06 14:48:59,655 - INFO -   Aktion: –
2025-05-06 14:48:59,671 - INFO -   Spalte 14: 
2025-05-06 14:48:59,687 - INFO -   Spalte 15: aktiv
2025-05-06 14:48:59,705 - INFO -   Spalte 16: 
2025-05-06 14:48:59,745 - INFO - Eintrag 4:
2025-05-06 14:48:59,757 - INFO -   : 
2025-05-06 14:48:59,774 - INFO -   : 
2025-05-06 14:48:59,792 - INFO -   Titel: MAZ
2025-05-06 14:48:59,812 - INFO -   Typ: Umfrage
2025-05-06 14:48:59,832 - INFO -   Kat.: RED
2025-05-06 14:48:59,850 - INFO -   Name: NL-Umfrage 06.05.25
2025-05-06 14:48:59,869 - INFO -   Start: 05.05.2025
2025-05-06 14:48:59,890 - INFO -   Ende: 06.05.2025
2025-05-06 14:48:59,909 - INFO -   Teilnehmer: 483
2025-05-06 14:48:59,932 - INFO -   Registrierungen: 
2025-05-06 14:48:59,954 - INFO -   Bestellungen: –
2025-05-06 14:48:59,975 - INFO -   Status: 
2025-05-06 14:49:00,014 - INFO -   Aktion: –
2025-05-06 14:49:00,039 - INFO -   Spalte 14: 
2025-05-06 14:49:00,064 - INFO -   Spalte 15: aktiv
2025-05-06 14:49:00,089 - INFO -   Spalte 16: 
2025-05-06 14:49:00,143 - INFO - Eintrag 5:
2025-05-06 14:49:00,160 - INFO -   : 
2025-05-06 14:49:00,195 - INFO -   : 
2025-05-06 14:49:00,214 - INFO -   Titel: RND
2025-05-06 14:49:00,233 - INFO -   Typ: Umfrage
2025-05-06 14:49:00,253 - INFO -   Kat.: RED
2025-05-06 14:49:00,270 - INFO -   Name: Politik in Sachsen, 5. Mai
2025-05-06 14:49:00,288 - INFO -   Start: 02.05.2025
2025-05-06 14:49:00,304 - INFO -   Ende: -
2025-05-06 14:49:00,320 - INFO -   Teilnehmer: 2.769
2025-05-06 14:49:00,337 - INFO -   Registrierungen: 
2025-05-06 14:49:00,354 - INFO -   Bestellungen: –
2025-05-06 14:49:00,392 - INFO -   Status: 
2025-05-06 14:49:00,417 - INFO -   Aktion: –
2025-05-06 14:49:00,439 - INFO -   Spalte 14: 
2025-05-06 14:49:00,460 - INFO -   Spalte 15: aktiv
2025-05-06 14:49:00,477 - INFO -   Spalte 16: 
2025-05-06 14:49:00,519 - INFO - Eintrag 6:
2025-05-06 14:49:00,550 - INFO -   : 
2025-05-06 14:49:00,581 - INFO -   : 
2025-05-06 14:49:00,607 - INFO -   Titel: OZ
2025-05-06 14:49:00,628 - INFO -   Typ: Umfrage
2025-05-06 14:49:00,646 - INFO -   Kat.: RED
2025-05-06 14:49:00,667 - INFO -   Name: Kaufen Sie noch US-Produkte?
2025-05-06 14:49:00,684 - INFO -   Start: 02.05.2025
2025-05-06 14:49:00,700 - INFO -   Ende: 16.05.2025
2025-05-06 14:49:00,715 - INFO -   Teilnehmer: 628
2025-05-06 14:49:00,730 - INFO -   Registrierungen: 
2025-05-06 14:49:00,746 - INFO -   Bestellungen: –
2025-05-06 14:49:00,762 - INFO -   Status: 
2025-05-06 14:49:00,778 - INFO -   Aktion: –
2025-05-06 14:49:00,795 - INFO -   Spalte 14: 
2025-05-06 14:49:00,812 - INFO -   Spalte 15: aktiv
2025-05-06 14:49:00,850 - INFO -   Spalte 16: 
2025-05-06 14:49:00,891 - INFO - Eintrag 7:
2025-05-06 14:49:00,903 - INFO -   : 
2025-05-06 14:49:00,920 - INFO -   : 
2025-05-06 14:49:00,936 - INFO -   Titel: RND
2025-05-06 14:49:00,951 - INFO -   Typ: Umfrage
2025-05-06 14:49:00,967 - INFO -   Kat.: RED
2025-05-06 14:49:00,983 - INFO -   Name: Politik in Sachsen 2. Mai
2025-05-06 14:49:01,000 - INFO -   Start: 30.04.2025
2025-05-06 14:49:01,016 - INFO -   Ende: -
2025-05-06 14:49:01,034 - INFO -   Teilnehmer: 524
2025-05-06 14:49:01,053 - INFO -   Registrierungen: 
2025-05-06 14:49:01,076 - INFO -   Bestellungen: –
2025-05-06 14:49:01,099 - INFO -   Status: 
2025-05-06 14:49:01,121 - INFO -   Aktion: –
2025-05-06 14:49:01,140 - INFO -   Spalte 14: 
2025-05-06 14:49:01,159 - INFO -   Spalte 15: aktiv
2025-05-06 14:49:01,176 - INFO -   Spalte 16: 
2025-05-06 14:49:01,218 - INFO - Eintrag 8:
2025-05-06 14:49:01,230 - INFO -   : 
2025-05-06 14:49:01,245 - INFO -   : 
2025-05-06 14:49:01,262 - INFO -   Titel: OZ
2025-05-06 14:49:01,278 - INFO -   Typ: Umfrage
2025-05-06 14:49:01,295 - INFO -   Kat.: RED
2025-05-06 14:49:01,330 - INFO -   Name: AfD Verantwortung in MV (Politik in MV-Newsletter)
2025-05-06 14:49:01,363 - INFO -   Start: 29.04.2025
2025-05-06 14:49:01,393 - INFO -   Ende: 13.05.2025
2025-05-06 14:49:01,416 - INFO -   Teilnehmer: 1.270
2025-05-06 14:49:01,438 - INFO -   Registrierungen: 
2025-05-06 14:49:01,462 - INFO -   Bestellungen: 48
2025-05-06 14:49:01,483 - INFO -   Status: 
2025-05-06 14:49:01,505 - INFO -   Aktion: –
2025-05-06 14:49:01,532 - INFO -   Spalte 14: 
2025-05-06 14:49:01,551 - INFO -   Spalte 15: aktiv
2025-05-06 14:49:01,567 - INFO -   Spalte 16: 
2025-05-06 14:49:01,605 - INFO - Eintrag 9:
2025-05-06 14:49:01,617 - INFO -   : 
2025-05-06 14:49:01,635 - INFO -   : 
2025-05-06 14:49:01,652 - INFO -   Titel: OZ
2025-05-06 14:49:01,668 - INFO -   Typ: Umfrage
2025-05-06 14:49:01,686 - INFO -   Kat.: RED
2025-05-06 14:49:01,704 - INFO -   Name: USA-Reise? (VORLAGE Politik in MV-Newsletter)
2025-05-06 14:49:01,721 - INFO -   Start: 28.04.2025
2025-05-06 14:49:01,739 - INFO -   Ende: 13.05.2025
2025-05-06 14:49:01,756 - INFO -   Teilnehmer: 1.237
2025-05-06 14:49:01,773 - INFO -   Registrierungen: 
2025-05-06 14:49:01,791 - INFO -   Bestellungen: 42
2025-05-06 14:49:01,808 - INFO -   Status: 
2025-05-06 14:49:01,824 - INFO -   Aktion: –
2025-05-06 14:49:01,840 - INFO -   Spalte 14: 
2025-05-06 14:49:01,856 - INFO -   Spalte 15: aktiv
2025-05-06 14:49:01,872 - INFO -   Spalte 16: 
2025-05-06 14:49:02,060 - INFO - Suche nach Kampagnen mit Start-Datum von heute (06.05.2025) oder gestern (05.05.2025)
2025-05-06 14:49:02,653 - INFO - Gefunden: 4 Kampagnen, die heute oder gestern gestartet wurden:
2025-05-06 14:49:02,653 - INFO - Kampagne 1:  (Start: 06.05.2025)
2025-05-06 14:49:02,654 - INFO -   : 
2025-05-06 14:49:02,655 - INFO -   Titel: RND
2025-05-06 14:49:02,655 - INFO -   Typ: Umfrage
2025-05-06 14:49:02,655 - INFO -   Kat.: RED
2025-05-06 14:49:02,656 - INFO -   Name: Poli in Sachsen 6.5.
2025-05-06 14:49:02,656 - INFO -   Start: 06.05.2025
2025-05-06 14:49:02,657 - INFO -   Ende: 06.05.2025
2025-05-06 14:49:02,657 - INFO -   Teilnehmer: 371
2025-05-06 14:49:02,657 - INFO -   Registrierungen: 
2025-05-06 14:49:02,658 - INFO -   Bestellungen: –
2025-05-06 14:49:02,658 - INFO -   Status: 
2025-05-06 14:49:02,658 - INFO -   Aktion: –
2025-05-06 14:49:02,659 - INFO -   Links:
2025-05-06 14:49:02,660 - INFO -     : None
2025-05-06 14:49:02,660 - INFO -     : None
2025-05-06 14:49:02,661 - INFO -     : None
2025-05-06 14:49:02,661 - INFO - Kampagne 2:  (Start: 05.05.2025)
2025-05-06 14:49:02,661 - INFO -   : 
2025-05-06 14:49:02,662 - INFO -   Titel: RND
2025-05-06 14:49:02,662 - INFO -   Typ: Umfrage
2025-05-06 14:49:02,662 - INFO -   Kat.: RED
2025-05-06 14:49:02,663 - INFO -   Name: Politik-in-Nied (ET 6.5)
2025-05-06 14:49:02,663 - INFO -   Start: 05.05.2025
2025-05-06 14:49:02,663 - INFO -   Ende: 06.05.2025
2025-05-06 14:49:02,664 - INFO -   Teilnehmer: 764
2025-05-06 14:49:02,664 - INFO -   Registrierungen: 
2025-05-06 14:49:02,664 - INFO -   Bestellungen: –
2025-05-06 14:49:02,664 - INFO -   Status: 
2025-05-06 14:49:02,665 - INFO -   Aktion: –
2025-05-06 14:49:02,665 - INFO -   Links:
2025-05-06 14:49:02,665 - INFO -     : None
2025-05-06 14:49:02,665 - INFO -     : None
2025-05-06 14:49:02,666 - INFO -     : None
2025-05-06 14:49:02,666 - INFO - Kampagne 3:  (Start: 05.05.2025)
2025-05-06 14:49:02,666 - INFO -   : 
2025-05-06 14:49:02,666 - INFO -   Titel: RND
2025-05-06 14:49:02,667 - INFO -   Typ: Umfrage
2025-05-06 14:49:02,667 - INFO -   Kat.: RED
2025-05-06 14:49:02,667 - INFO -   Name: Politik-in-SH 06. Mai
2025-05-06 14:49:02,667 - INFO -   Start: 05.05.2025
2025-05-06 14:49:02,667 - INFO -   Ende: 06.05.2025
2025-05-06 14:49:02,668 - INFO -   Teilnehmer: 228
2025-05-06 14:49:02,668 - INFO -   Registrierungen: 
2025-05-06 14:49:02,668 - INFO -   Bestellungen: –
2025-05-06 14:49:02,668 - INFO -   Status: 
2025-05-06 14:49:02,668 - INFO -   Aktion: –
2025-05-06 14:49:02,669 - INFO -   Links:
2025-05-06 14:49:02,669 - INFO -     : None
2025-05-06 14:49:02,669 - INFO -     : None
2025-05-06 14:49:02,669 - INFO -     : None
2025-05-06 14:49:02,670 - INFO - Kampagne 4:  (Start: 05.05.2025)
2025-05-06 14:49:02,670 - INFO -   : 
2025-05-06 14:49:02,670 - INFO -   Titel: MAZ
2025-05-06 14:49:02,670 - INFO -   Typ: Umfrage
2025-05-06 14:49:02,671 - INFO -   Kat.: RED
2025-05-06 14:49:02,671 - INFO -   Name: NL-Umfrage 06.05.25
2025-05-06 14:49:02,671 - INFO -   Start: 05.05.2025
2025-05-06 14:49:02,671 - INFO -   Ende: 06.05.2025
2025-05-06 14:49:02,671 - INFO -   Teilnehmer: 483
2025-05-06 14:49:02,672 - INFO -   Registrierungen: 
2025-05-06 14:49:02,672 - INFO -   Bestellungen: –
2025-05-06 14:49:02,672 - INFO -   Status: 
2025-05-06 14:49:02,672 - INFO -   Aktion: –
2025-05-06 14:49:02,672 - INFO -   Links:
2025-05-06 14:49:02,673 - INFO -     : None
2025-05-06 14:49:02,673 - INFO -     : None
2025-05-06 14:49:02,673 - INFO -     : None
2025-05-06 14:49:02,674 - INFO - Gefundene Kampagnen nach Filterung: 9
2025-05-06 14:49:02,674 - INFO - Davon heute oder gestern gestartet: 4
2025-05-06 14:49:24,862 - INFO - Scraper beendet
2025-05-06 14:52:09,392 - INFO - Scraper gestartet
2025-05-06 14:52:11,317 - INFO - Login-Seite geladen
2025-05-06 14:52:11,615 - INFO - Führe JavaScript-Code für das Login aus
2025-05-06 14:52:13,443 - WARNING - Fallback-Methode fehlgeschlagen: Message: javascript error: Cannot read properties of null (reading 'value')
  (Session info: chrome=136.0.7103.48)
Stacktrace:
	GetHandleVerifier [0x00007FF70F3EA145+76773]
	GetHandleVerifier [0x00007FF70F3EA1A0+76864]
	(No symbol) [0x00007FF70F1A8F7A]
	(No symbol) [0x00007FF70F1B0978]
	(No symbol) [0x00007FF70F1B3D31]
	(No symbol) [0x00007FF70F250308]
	(No symbol) [0x00007FF70F22735A]
	(No symbol) [0x00007FF70F24F0CF]
	(No symbol) [0x00007FF70F227133]
	(No symbol) [0x00007FF70F1F04D1]
	(No symbol) [0x00007FF70F1F1263]
	GetHandleVerifier [0x00007FF70F6AA8ED+2962317]
	GetHandleVerifier [0x00007FF70F6A4EC2+2939234]
	GetHandleVerifier [0x00007FF70F6C2FF3+3062419]
	GetHandleVerifier [0x00007FF70F404B9A+185914]
	GetHandleVerifier [0x00007FF70F40C78F+217647]
	GetHandleVerifier [0x00007FF70F3F2A44+111844]
	GetHandleVerifier [0x00007FF70F3F2BF2+112274]
	GetHandleVerifier [0x00007FF70F3D8A79+5401]
	BaseThreadInitThunk [0x00007FF82B49E8D7+23]
	RtlUserThreadStart [0x00007FF82C4B14FC+44]

2025-05-06 14:52:13,444 - INFO - Warte auf URL-Änderung nach dem Login-Versuch
2025-05-06 14:52:13,453 - INFO - URL hat sich geändert: https://leser-umfrage.de/backend/
2025-05-06 14:52:13,575 - INFO - Erfolgreich eingeloggt bei campanero
2025-05-06 14:52:13,575 - INFO - Navigiere direkt zur Kampagnen-Seite per URL
2025-05-06 14:52:18,949 - INFO - Aktuelle URL: https://leser-umfrage.de/backend/campaigns
2025-05-06 14:52:19,108 - INFO - Navigation zur Kampagnen-Seite erfolgreich
2025-05-06 14:52:19,108 - INFO - Erfolgreich zur Kampagnen-Seite navigiert
2025-05-06 14:52:19,109 - INFO - Suche nach Kampagnen mit dem Begriff: Politik
2025-05-06 14:52:19,178 - INFO - Suchbegriff eingegeben, warte auf Filterergebnisse
2025-05-06 14:52:21,329 - INFO - Suche nach 'Politik' erfolgreich durchgeführt
2025-05-06 14:52:21,329 - INFO - Suche nach dem Status-Filter
2025-05-06 14:52:21,396 - INFO - Status-Filter gefunden
2025-05-06 14:52:21,544 - INFO - Pfeil-Element im Status-Filter gefunden, klicke darauf
2025-05-06 14:52:22,767 - INFO - Suche nach dem 'aktiv'-Element im geöffneten Dropdown
2025-05-06 14:52:22,793 - INFO - 'aktiv'-Element gefunden (Label), klicke darauf
2025-05-06 14:52:24,984 - INFO - Filterung nach Status 'aktiv' abgeschlossen
2025-05-06 14:52:24,984 - INFO - Filterung nach Status 'aktiv' erfolgreich
2025-05-06 14:52:24,984 - INFO - Zähle Einträge in der Kampagnen-Tabelle und lese Spalteninhalte
2025-05-06 14:52:25,082 - INFO - Spaltenüberschriften der Tabelle:
2025-05-06 14:52:25,082 - INFO -   Spalte 1: 
2025-05-06 14:52:25,083 - INFO -   Spalte 2: 
2025-05-06 14:52:25,083 - INFO -   Spalte 3: Titel
2025-05-06 14:52:25,083 - INFO -   Spalte 4: Typ
2025-05-06 14:52:25,083 - INFO -   Spalte 5: Kat.
2025-05-06 14:52:25,083 - INFO -   Spalte 6: Name
2025-05-06 14:52:25,083 - INFO -   Spalte 7: Start
2025-05-06 14:52:25,084 - INFO -   Spalte 8: Ende
2025-05-06 14:52:25,084 - INFO -   Spalte 9: Teilnehmer
2025-05-06 14:52:25,084 - INFO -   Spalte 10: Registrierungen
2025-05-06 14:52:25,084 - INFO -   Spalte 11: Bestellungen
2025-05-06 14:52:25,084 - INFO -   Spalte 12: Status
2025-05-06 14:52:25,084 - INFO -   Spalte 13: Aktion
2025-05-06 14:52:25,092 - INFO - Anzahl der Einträge in der Kampagnen-Tabelle: 9
2025-05-06 14:52:25,109 - INFO - Eintrag 1: 
2025-05-06 14:52:25,122 - INFO - Eintrag 2: 
2025-05-06 14:52:25,136 - INFO - Eintrag 3: 
2025-05-06 14:52:25,148 - INFO - Eintrag 4: 
2025-05-06 14:52:25,162 - INFO - Eintrag 5: 
2025-05-06 14:52:25,173 - INFO - Eintrag 6: 
2025-05-06 14:52:25,185 - INFO - Eintrag 7: 
2025-05-06 14:52:25,198 - INFO - Eintrag 8: 
2025-05-06 14:52:25,209 - INFO - Eintrag 9: 
2025-05-06 14:52:25,336 - INFO - Suche nach Kampagnen mit Start-Datum von heute (06.05.2025) oder gestern (05.05.2025)
2025-05-06 14:52:25,921 - INFO - Gefunden: 4 Kampagnen, die heute oder gestern gestartet wurden:
2025-05-06 14:52:25,922 - INFO - Kampagne 1:  (Start: 06.05.2025)
2025-05-06 14:52:25,922 - INFO -   : 
2025-05-06 14:52:25,922 - INFO -   Titel: RND
2025-05-06 14:52:25,923 - INFO -   Typ: Umfrage
2025-05-06 14:52:25,923 - INFO -   Kat.: RED
2025-05-06 14:52:25,923 - INFO -   Name: Poli in Sachsen 6.5.
2025-05-06 14:52:25,924 - INFO -   Start: 06.05.2025
2025-05-06 14:52:25,924 - INFO -   Ende: 06.05.2025
2025-05-06 14:52:25,924 - INFO -   Teilnehmer: 372
2025-05-06 14:52:25,925 - INFO -   Registrierungen: 
2025-05-06 14:52:25,925 - INFO -   Bestellungen: –
2025-05-06 14:52:25,925 - INFO -   Status: 
2025-05-06 14:52:25,925 - INFO -   Aktion: –
2025-05-06 14:52:25,926 - INFO -   Links:
2025-05-06 14:52:25,926 - INFO -     : None
2025-05-06 14:52:25,926 - INFO -     : None
2025-05-06 14:52:25,927 - INFO -     : None
2025-05-06 14:52:25,927 - INFO - Kampagne 2:  (Start: 05.05.2025)
2025-05-06 14:52:25,927 - INFO -   : 
2025-05-06 14:52:25,927 - INFO -   Titel: RND
2025-05-06 14:52:25,928 - INFO -   Typ: Umfrage
2025-05-06 14:52:25,928 - INFO -   Kat.: RED
2025-05-06 14:52:25,929 - INFO -   Name: Politik-in-Nied (ET 6.5)
2025-05-06 14:52:25,929 - INFO -   Start: 05.05.2025
2025-05-06 14:52:25,929 - INFO -   Ende: 06.05.2025
2025-05-06 14:52:25,930 - INFO -   Teilnehmer: 767
2025-05-06 14:52:25,930 - INFO -   Registrierungen: 
2025-05-06 14:52:25,930 - INFO -   Bestellungen: –
2025-05-06 14:52:25,930 - INFO -   Status: 
2025-05-06 14:52:25,931 - INFO -   Aktion: –
2025-05-06 14:52:25,931 - INFO -   Links:
2025-05-06 14:52:25,932 - INFO -     : None
2025-05-06 14:52:25,932 - INFO -     : None
2025-05-06 14:52:25,932 - INFO -     : None
2025-05-06 14:52:25,932 - INFO - Kampagne 3:  (Start: 05.05.2025)
2025-05-06 14:52:25,933 - INFO -   : 
2025-05-06 14:52:25,933 - INFO -   Titel: RND
2025-05-06 14:52:25,933 - INFO -   Typ: Umfrage
2025-05-06 14:52:25,933 - INFO -   Kat.: RED
2025-05-06 14:52:25,934 - INFO -   Name: Politik-in-SH 06. Mai
2025-05-06 14:52:25,934 - INFO -   Start: 05.05.2025
2025-05-06 14:52:25,934 - INFO -   Ende: 06.05.2025
2025-05-06 14:52:25,935 - INFO -   Teilnehmer: 228
2025-05-06 14:52:25,935 - INFO -   Registrierungen: 
2025-05-06 14:52:25,935 - INFO -   Bestellungen: –
2025-05-06 14:52:25,936 - INFO -   Status: 
2025-05-06 14:52:25,936 - INFO -   Aktion: –
2025-05-06 14:52:25,937 - INFO -   Links:
2025-05-06 14:52:25,937 - INFO -     : None
2025-05-06 14:52:25,938 - INFO -     : None
2025-05-06 14:52:25,938 - INFO -     : None
2025-05-06 14:52:25,938 - INFO - Kampagne 4:  (Start: 05.05.2025)
2025-05-06 14:52:25,939 - INFO -   : 
2025-05-06 14:52:25,939 - INFO -   Titel: MAZ
2025-05-06 14:52:25,940 - INFO -   Typ: Umfrage
2025-05-06 14:52:25,940 - INFO -   Kat.: RED
2025-05-06 14:52:25,941 - INFO -   Name: NL-Umfrage 06.05.25
2025-05-06 14:52:25,941 - INFO -   Start: 05.05.2025
2025-05-06 14:52:25,941 - INFO -   Ende: 06.05.2025
2025-05-06 14:52:25,942 - INFO -   Teilnehmer: 484
2025-05-06 14:52:25,942 - INFO -   Registrierungen: 
2025-05-06 14:52:25,942 - INFO -   Bestellungen: –
2025-05-06 14:52:25,943 - INFO -   Status: 
2025-05-06 14:52:25,943 - INFO -   Aktion: –
2025-05-06 14:52:25,943 - INFO -   Links:
2025-05-06 14:52:25,944 - INFO -     : None
2025-05-06 14:52:25,944 - INFO -     : None
2025-05-06 14:52:25,944 - INFO -     : None
2025-05-06 14:52:25,944 - INFO - Gefundene Kampagnen nach Filterung: 9
2025-05-06 14:52:25,944 - INFO - Davon heute oder gestern gestartet: 4
2025-05-06 14:52:48,103 - INFO - Scraper beendet
2025-05-06 16:40:59,100 - INFO - Scraper gestartet
2025-05-06 16:41:01,328 - INFO - Login-Seite geladen
2025-05-06 16:41:01,632 - INFO - Führe JavaScript-Code für das Login aus
2025-05-06 16:41:03,603 - WARNING - Fallback-Methode fehlgeschlagen: Message: javascript error: Cannot read properties of null (reading 'value')
  (Session info: chrome=136.0.7103.48)
Stacktrace:
	GetHandleVerifier [0x00007FF70F3EA145+76773]
	GetHandleVerifier [0x00007FF70F3EA1A0+76864]
	(No symbol) [0x00007FF70F1A8F7A]
	(No symbol) [0x00007FF70F1B0978]
	(No symbol) [0x00007FF70F1B3D31]
	(No symbol) [0x00007FF70F250308]
	(No symbol) [0x00007FF70F22735A]
	(No symbol) [0x00007FF70F24F0CF]
	(No symbol) [0x00007FF70F227133]
	(No symbol) [0x00007FF70F1F04D1]
	(No symbol) [0x00007FF70F1F1263]
	GetHandleVerifier [0x00007FF70F6AA8ED+2962317]
	GetHandleVerifier [0x00007FF70F6A4EC2+2939234]
	GetHandleVerifier [0x00007FF70F6C2FF3+3062419]
	GetHandleVerifier [0x00007FF70F404B9A+185914]
	GetHandleVerifier [0x00007FF70F40C78F+217647]
	GetHandleVerifier [0x00007FF70F3F2A44+111844]
	GetHandleVerifier [0x00007FF70F3F2BF2+112274]
	GetHandleVerifier [0x00007FF70F3D8A79+5401]
	BaseThreadInitThunk [0x00007FF82B49E8D7+23]
	RtlUserThreadStart [0x00007FF82C4B14FC+44]

2025-05-06 16:41:03,603 - INFO - Warte auf URL-Änderung nach dem Login-Versuch
2025-05-06 16:41:03,610 - INFO - URL hat sich geändert: https://leser-umfrage.de/backend/
2025-05-06 16:41:03,725 - INFO - Erfolgreich eingeloggt bei campanero
2025-05-06 16:41:03,725 - INFO - Navigiere direkt zur Kampagnen-Seite per URL
2025-05-06 16:41:08,682 - INFO - Aktuelle URL: https://leser-umfrage.de/backend/campaigns
2025-05-06 16:41:08,827 - INFO - Navigation zur Kampagnen-Seite erfolgreich
2025-05-06 16:41:08,827 - INFO - Erfolgreich zur Kampagnen-Seite navigiert
2025-05-06 16:41:08,828 - INFO - Suche nach Kampagnen mit dem Begriff: Politik
2025-05-06 16:41:08,896 - INFO - Suchbegriff eingegeben, warte auf Filterergebnisse
2025-05-06 16:41:11,039 - INFO - Suche nach 'Politik' erfolgreich durchgeführt
2025-05-06 16:41:11,040 - INFO - Suche nach dem Status-Filter
2025-05-06 16:41:11,088 - INFO - Status-Filter gefunden
2025-05-06 16:41:11,237 - INFO - Pfeil-Element im Status-Filter gefunden, klicke darauf
2025-05-06 16:41:12,430 - INFO - Suche nach dem 'aktiv'-Element im geöffneten Dropdown
2025-05-06 16:41:12,460 - INFO - 'aktiv'-Element gefunden (Label), klicke darauf
2025-05-06 16:41:14,645 - INFO - Filterung nach Status 'aktiv' abgeschlossen
2025-05-06 16:41:14,645 - INFO - Filterung nach Status 'aktiv' erfolgreich
2025-05-06 16:41:14,645 - INFO - Zähle Einträge in der Kampagnen-Tabelle und lese Spalteninhalte
2025-05-06 16:41:14,739 - INFO - Spaltenüberschriften der Tabelle:
2025-05-06 16:41:14,739 - INFO -   Spalte 1: 
2025-05-06 16:41:14,739 - INFO -   Spalte 2: 
2025-05-06 16:41:14,740 - INFO -   Spalte 3: Titel
2025-05-06 16:41:14,740 - INFO -   Spalte 4: Typ
2025-05-06 16:41:14,740 - INFO -   Spalte 5: Kat.
2025-05-06 16:41:14,740 - INFO -   Spalte 6: Name
2025-05-06 16:41:14,740 - INFO -   Spalte 7: Start
2025-05-06 16:41:14,740 - INFO -   Spalte 8: Ende
2025-05-06 16:41:14,740 - INFO -   Spalte 9: Teilnehmer
2025-05-06 16:41:14,740 - INFO -   Spalte 10: Registrierungen
2025-05-06 16:41:14,741 - INFO -   Spalte 11: Bestellungen
2025-05-06 16:41:14,741 - INFO -   Spalte 12: Status
2025-05-06 16:41:14,741 - INFO -   Spalte 13: Aktion
2025-05-06 16:41:14,749 - INFO - Anzahl der Einträge in der Kampagnen-Tabelle: 11
2025-05-06 16:41:14,764 - INFO - Eintrag 1: 
2025-05-06 16:41:14,794 - INFO - Eintrag 2: 
2025-05-06 16:41:14,807 - INFO - Eintrag 3: 
2025-05-06 16:41:14,820 - INFO - Eintrag 4: 
2025-05-06 16:41:14,833 - INFO - Eintrag 5: 
2025-05-06 16:41:14,846 - INFO - Eintrag 6: 
2025-05-06 16:41:14,859 - INFO - Eintrag 7: 
2025-05-06 16:41:14,871 - INFO - Eintrag 8: 
2025-05-06 16:41:14,885 - INFO - Eintrag 9: 
2025-05-06 16:41:14,896 - INFO - Eintrag 10: 
2025-05-06 16:41:14,908 - INFO - Eintrag 11: 
2025-05-06 16:41:15,042 - INFO - Suche nach Kampagnen mit Start-Datum von heute (06.05.2025) oder gestern (05.05.2025)
2025-05-06 16:41:15,700 - INFO - Gefunden: 5 Kampagnen, die heute oder gestern gestartet wurden:
2025-05-06 16:41:15,700 - INFO - Kampagne 1:  (Start: 06.05.2025)
2025-05-06 16:41:15,701 - INFO -   : 
2025-05-06 16:41:15,701 - INFO -   Titel: MAZ
2025-05-06 16:41:15,701 - INFO -   Typ: Umfrage
2025-05-06 16:41:15,701 - INFO -   Kat.: RED
2025-05-06 16:41:15,702 - INFO -   Name: NL-Umfrage 07.05.25
2025-05-06 16:41:15,702 - INFO -   Start: 06.05.2025
2025-05-06 16:41:15,702 - INFO -   Ende: 07.05.2025
2025-05-06 16:41:15,702 - INFO -   Teilnehmer: –
2025-05-06 16:41:15,703 - INFO -   Registrierungen: 
2025-05-06 16:41:15,703 - INFO -   Bestellungen: –
2025-05-06 16:41:15,703 - INFO -   Status: 
2025-05-06 16:41:15,703 - INFO -   Aktion: –
2025-05-06 16:41:15,703 - INFO -   Links:
2025-05-06 16:41:15,704 - INFO -     : None
2025-05-06 16:41:15,704 - INFO -     : None
2025-05-06 16:41:15,705 - INFO -     : None
2025-05-06 16:41:15,705 - INFO - Kampagne 2:  (Start: 06.05.2025)
2025-05-06 16:41:15,705 - INFO -   : 
2025-05-06 16:41:15,705 - INFO -   Titel: RND
2025-05-06 16:41:15,705 - INFO -   Typ: Umfrage
2025-05-06 16:41:15,706 - INFO -   Kat.: RED
2025-05-06 16:41:15,706 - INFO -   Name: Poli in Sachsen 6.5.
2025-05-06 16:41:15,706 - INFO -   Start: 06.05.2025
2025-05-06 16:41:15,706 - INFO -   Ende: 06.05.2025
2025-05-06 16:41:15,707 - INFO -   Teilnehmer: 386
2025-05-06 16:41:15,707 - INFO -   Registrierungen: 
2025-05-06 16:41:15,707 - INFO -   Bestellungen: –
2025-05-06 16:41:15,707 - INFO -   Status: 
2025-05-06 16:41:15,707 - INFO -   Aktion: –
2025-05-06 16:41:15,708 - INFO -   Links:
2025-05-06 16:41:15,708 - INFO -     : None
2025-05-06 16:41:15,708 - INFO -     : None
2025-05-06 16:41:15,708 - INFO -     : None
2025-05-06 16:41:15,709 - INFO - Kampagne 3:  (Start: 05.05.2025)
2025-05-06 16:41:15,709 - INFO -   : 
2025-05-06 16:41:15,709 - INFO -   Titel: RND
2025-05-06 16:41:15,709 - INFO -   Typ: Umfrage
2025-05-06 16:41:15,709 - INFO -   Kat.: RED
2025-05-06 16:41:15,710 - INFO -   Name: Politik-in-Nied (ET 6.5)
2025-05-06 16:41:15,710 - INFO -   Start: 05.05.2025
2025-05-06 16:41:15,710 - INFO -   Ende: 06.05.2025
2025-05-06 16:41:15,710 - INFO -   Teilnehmer: 786
2025-05-06 16:41:15,711 - INFO -   Registrierungen: 
2025-05-06 16:41:15,711 - INFO -   Bestellungen: –
2025-05-06 16:41:15,711 - INFO -   Status: 
2025-05-06 16:41:15,711 - INFO -   Aktion: –
2025-05-06 16:41:15,712 - INFO -   Links:
2025-05-06 16:41:15,712 - INFO -     : None
2025-05-06 16:41:15,712 - INFO -     : None
2025-05-06 16:41:15,713 - INFO -     : None
2025-05-06 16:41:15,713 - INFO - Kampagne 4:  (Start: 05.05.2025)
2025-05-06 16:41:15,713 - INFO -   : 
2025-05-06 16:41:15,713 - INFO -   Titel: RND
2025-05-06 16:41:15,714 - INFO -   Typ: Umfrage
2025-05-06 16:41:15,714 - INFO -   Kat.: RED
2025-05-06 16:41:15,714 - INFO -   Name: Politik-in-SH 06. Mai
2025-05-06 16:41:15,714 - INFO -   Start: 05.05.2025
2025-05-06 16:41:15,715 - INFO -   Ende: 06.05.2025
2025-05-06 16:41:15,715 - INFO -   Teilnehmer: 235
2025-05-06 16:41:15,715 - INFO -   Registrierungen: 
2025-05-06 16:41:15,715 - INFO -   Bestellungen: –
2025-05-06 16:41:15,716 - INFO -   Status: 
2025-05-06 16:41:15,716 - INFO -   Aktion: –
2025-05-06 16:41:15,716 - INFO -   Links:
2025-05-06 16:41:15,716 - INFO -     : None
2025-05-06 16:41:15,717 - INFO -     : None
2025-05-06 16:41:15,717 - INFO -     : None
2025-05-06 16:41:15,717 - INFO - Kampagne 5:  (Start: 05.05.2025)
2025-05-06 16:41:15,717 - INFO -   : 
2025-05-06 16:41:15,718 - INFO -   Titel: MAZ
2025-05-06 16:41:15,718 - INFO -   Typ: Umfrage
2025-05-06 16:41:15,718 - INFO -   Kat.: RED
2025-05-06 16:41:15,719 - INFO -   Name: NL-Umfrage 06.05.25
2025-05-06 16:41:15,719 - INFO -   Start: 05.05.2025
2025-05-06 16:41:15,719 - INFO -   Ende: 06.05.2025
2025-05-06 16:41:15,720 - INFO -   Teilnehmer: 494
2025-05-06 16:41:15,720 - INFO -   Registrierungen: 
2025-05-06 16:41:15,720 - INFO -   Bestellungen: –
2025-05-06 16:41:15,721 - INFO -   Status: 
2025-05-06 16:41:15,721 - INFO -   Aktion: –
2025-05-06 16:41:15,721 - INFO -   Links:
2025-05-06 16:41:15,721 - INFO -     : None
2025-05-06 16:41:15,722 - INFO -     : None
2025-05-06 16:41:15,722 - INFO -     : None
2025-05-06 16:41:15,722 - INFO - Gefundene Kampagnen nach Filterung: 11
2025-05-06 16:41:15,722 - INFO - Davon heute oder gestern gestartet: 5
2025-05-06 16:41:15,805 - INFO - Verarbeite Kampagne 1/5: ''
2025-05-06 16:41:15,834 - INFO - Klicke auf 'Weitere Aktionen'
2025-05-06 16:41:16,040 - INFO - Klicke auf 'Auswertung'
2025-05-06 16:41:29,831 - ERROR - Fehler beim Verarbeiten der Kampagne '': Message: 

2025-05-06 16:41:34,272 - INFO - Wende Filter erneut an
2025-05-06 16:41:34,272 - INFO - Suche nach Kampagnen mit dem Begriff: Politik
2025-05-06 16:41:34,356 - INFO - Suchbegriff eingegeben, warte auf Filterergebnisse
2025-05-06 16:41:37,499 - INFO - Suche nach dem Status-Filter
2025-05-06 16:41:37,556 - INFO - Status-Filter gefunden
2025-05-06 16:41:37,700 - INFO - Pfeil-Element im Status-Filter gefunden, klicke darauf
2025-05-06 16:41:37,709 - ERROR - Fehler beim Filtern nach Status 'aktiv': Message: element not interactable
  (Session info: chrome=136.0.7103.48)
Stacktrace:
	GetHandleVerifier [0x00007FF70F3EA145+76773]
	GetHandleVerifier [0x00007FF70F3EA1A0+76864]
	(No symbol) [0x00007FF70F1A8DAC]
	(No symbol) [0x00007FF70F200994]
	(No symbol) [0x00007FF70F1F2444]
	(No symbol) [0x00007FF70F22735A]
	(No symbol) [0x00007FF70F1F1CF6]
	(No symbol) [0x00007FF70F227570]
	(No symbol) [0x00007FF70F24F0CF]
	(No symbol) [0x00007FF70F227133]
	(No symbol) [0x00007FF70F1F04D1]
	(No symbol) [0x00007FF70F1F1263]
	GetHandleVerifier [0x00007FF70F6AA8ED+2962317]
	GetHandleVerifier [0x00007FF70F6A4EC2+2939234]
	GetHandleVerifier [0x00007FF70F6C2FF3+3062419]
	GetHandleVerifier [0x00007FF70F404B9A+185914]
	GetHandleVerifier [0x00007FF70F40C78F+217647]
	GetHandleVerifier [0x00007FF70F3F2A44+111844]
	GetHandleVerifier [0x00007FF70F3F2BF2+112274]
	GetHandleVerifier [0x00007FF70F3D8A79+5401]
	BaseThreadInitThunk [0x00007FF82B49E8D7+23]
	RtlUserThreadStart [0x00007FF82C4B14FC+44]

2025-05-06 16:41:39,831 - INFO - Verarbeite Kampagne 2/5: ''
2025-05-06 16:41:39,875 - INFO - Klicke auf 'Weitere Aktionen'
2025-05-06 16:41:50,330 - ERROR - Fehler beim Verarbeiten der Kampagne '': Message: 
Stacktrace:
	GetHandleVerifier [0x00007FF70F3EA145+76773]
	GetHandleVerifier [0x00007FF70F3EA1A0+76864]
	(No symbol) [0x00007FF70F1A8F7A]
	(No symbol) [0x00007FF70F1FF496]
	(No symbol) [0x00007FF70F1FF74C]
	(No symbol) [0x00007FF70F1F1E2C]
	(No symbol) [0x00007FF70F22739F]
	(No symbol) [0x00007FF70F1F1CF6]
	(No symbol) [0x00007FF70F227570]
	(No symbol) [0x00007FF70F24F0CF]
	(No symbol) [0x00007FF70F227133]
	(No symbol) [0x00007FF70F1F04D1]
	(No symbol) [0x00007FF70F1F1263]
	GetHandleVerifier [0x00007FF70F6AA8ED+2962317]
	GetHandleVerifier [0x00007FF70F6A4EC2+2939234]
	GetHandleVerifier [0x00007FF70F6C2FF3+3062419]
	GetHandleVerifier [0x00007FF70F404B9A+185914]
	GetHandleVerifier [0x00007FF70F40C78F+217647]
	GetHandleVerifier [0x00007FF70F3F2A44+111844]
	GetHandleVerifier [0x00007FF70F3F2BF2+112274]
	GetHandleVerifier [0x00007FF70F3D8A79+5401]
	BaseThreadInitThunk [0x00007FF82B49E8D7+23]
	RtlUserThreadStart [0x00007FF82C4B14FC+44]

2025-05-06 16:41:54,673 - INFO - Wende Filter erneut an
2025-05-06 16:41:54,674 - INFO - Suche nach Kampagnen mit dem Begriff: Politik
2025-05-06 16:41:54,757 - INFO - Suchbegriff eingegeben, warte auf Filterergebnisse
2025-05-06 16:41:57,885 - INFO - Suche nach dem Status-Filter
2025-05-06 16:41:57,951 - INFO - Status-Filter gefunden
2025-05-06 16:41:58,096 - INFO - Pfeil-Element im Status-Filter gefunden, klicke darauf
2025-05-06 16:41:58,114 - ERROR - Fehler beim Filtern nach Status 'aktiv': Message: element not interactable
  (Session info: chrome=136.0.7103.48)
Stacktrace:
	GetHandleVerifier [0x00007FF70F3EA145+76773]
	GetHandleVerifier [0x00007FF70F3EA1A0+76864]
	(No symbol) [0x00007FF70F1A8DAC]
	(No symbol) [0x00007FF70F200994]
	(No symbol) [0x00007FF70F1F2444]
	(No symbol) [0x00007FF70F22735A]
	(No symbol) [0x00007FF70F1F1CF6]
	(No symbol) [0x00007FF70F227570]
	(No symbol) [0x00007FF70F24F0CF]
	(No symbol) [0x00007FF70F227133]
	(No symbol) [0x00007FF70F1F04D1]
	(No symbol) [0x00007FF70F1F1263]
	GetHandleVerifier [0x00007FF70F6AA8ED+2962317]
	GetHandleVerifier [0x00007FF70F6A4EC2+2939234]
	GetHandleVerifier [0x00007FF70F6C2FF3+3062419]
	GetHandleVerifier [0x00007FF70F404B9A+185914]
	GetHandleVerifier [0x00007FF70F40C78F+217647]
	GetHandleVerifier [0x00007FF70F3F2A44+111844]
	GetHandleVerifier [0x00007FF70F3F2BF2+112274]
	GetHandleVerifier [0x00007FF70F3D8A79+5401]
	BaseThreadInitThunk [0x00007FF82B49E8D7+23]
	RtlUserThreadStart [0x00007FF82C4B14FC+44]

2025-05-06 16:42:00,249 - INFO - Verarbeite Kampagne 3/5: ''
2025-05-06 16:42:00,294 - INFO - Klicke auf 'Weitere Aktionen'
2025-05-06 16:42:10,744 - ERROR - Fehler beim Verarbeiten der Kampagne '': Message: 
Stacktrace:
	GetHandleVerifier [0x00007FF70F3EA145+76773]
	GetHandleVerifier [0x00007FF70F3EA1A0+76864]
	(No symbol) [0x00007FF70F1A8F7A]
	(No symbol) [0x00007FF70F1FF496]
	(No symbol) [0x00007FF70F1FF74C]
	(No symbol) [0x00007FF70F1F1E2C]
	(No symbol) [0x00007FF70F22739F]
	(No symbol) [0x00007FF70F1F1CF6]
	(No symbol) [0x00007FF70F227570]
	(No symbol) [0x00007FF70F24F0CF]
	(No symbol) [0x00007FF70F227133]
	(No symbol) [0x00007FF70F1F04D1]
	(No symbol) [0x00007FF70F1F1263]
	GetHandleVerifier [0x00007FF70F6AA8ED+2962317]
	GetHandleVerifier [0x00007FF70F6A4EC2+2939234]
	GetHandleVerifier [0x00007FF70F6C2FF3+3062419]
	GetHandleVerifier [0x00007FF70F404B9A+185914]
	GetHandleVerifier [0x00007FF70F40C78F+217647]
	GetHandleVerifier [0x00007FF70F3F2A44+111844]
	GetHandleVerifier [0x00007FF70F3F2BF2+112274]
	GetHandleVerifier [0x00007FF70F3D8A79+5401]
	BaseThreadInitThunk [0x00007FF82B49E8D7+23]
	RtlUserThreadStart [0x00007FF82C4B14FC+44]

2025-05-06 16:42:15,361 - INFO - Wende Filter erneut an
2025-05-06 16:42:15,361 - INFO - Suche nach Kampagnen mit dem Begriff: Politik
2025-05-06 16:42:15,467 - INFO - Suchbegriff eingegeben, warte auf Filterergebnisse
2025-05-06 16:42:18,611 - INFO - Suche nach dem Status-Filter
2025-05-06 16:42:18,648 - INFO - Status-Filter gefunden
2025-05-06 16:42:18,794 - INFO - Pfeil-Element im Status-Filter gefunden, klicke darauf
2025-05-06 16:42:18,806 - ERROR - Fehler beim Filtern nach Status 'aktiv': Message: element not interactable
  (Session info: chrome=136.0.7103.48)
Stacktrace:
	GetHandleVerifier [0x00007FF70F3EA145+76773]
	GetHandleVerifier [0x00007FF70F3EA1A0+76864]
	(No symbol) [0x00007FF70F1A8DAC]
	(No symbol) [0x00007FF70F200994]
	(No symbol) [0x00007FF70F1F2444]
	(No symbol) [0x00007FF70F22735A]
	(No symbol) [0x00007FF70F1F1CF6]
	(No symbol) [0x00007FF70F227570]
	(No symbol) [0x00007FF70F24F0CF]
	(No symbol) [0x00007FF70F227133]
	(No symbol) [0x00007FF70F1F04D1]
	(No symbol) [0x00007FF70F1F1263]
	GetHandleVerifier [0x00007FF70F6AA8ED+2962317]
	GetHandleVerifier [0x00007FF70F6A4EC2+2939234]
	GetHandleVerifier [0x00007FF70F6C2FF3+3062419]
	GetHandleVerifier [0x00007FF70F404B9A+185914]
	GetHandleVerifier [0x00007FF70F40C78F+217647]
	GetHandleVerifier [0x00007FF70F3F2A44+111844]
	GetHandleVerifier [0x00007FF70F3F2BF2+112274]
	GetHandleVerifier [0x00007FF70F3D8A79+5401]
	BaseThreadInitThunk [0x00007FF82B49E8D7+23]
	RtlUserThreadStart [0x00007FF82C4B14FC+44]

2025-05-06 16:42:20,929 - INFO - Verarbeite Kampagne 4/5: ''
2025-05-06 16:42:20,955 - INFO - Klicke auf 'Weitere Aktionen'
2025-05-06 16:42:31,450 - ERROR - Fehler beim Verarbeiten der Kampagne '': Message: 
Stacktrace:
	GetHandleVerifier [0x00007FF70F3EA145+76773]
	GetHandleVerifier [0x00007FF70F3EA1A0+76864]
	(No symbol) [0x00007FF70F1A8F7A]
	(No symbol) [0x00007FF70F1FF496]
	(No symbol) [0x00007FF70F1FF74C]
	(No symbol) [0x00007FF70F1F1E2C]
	(No symbol) [0x00007FF70F22739F]
	(No symbol) [0x00007FF70F1F1CF6]
	(No symbol) [0x00007FF70F227570]
	(No symbol) [0x00007FF70F24F0CF]
	(No symbol) [0x00007FF70F227133]
	(No symbol) [0x00007FF70F1F04D1]
	(No symbol) [0x00007FF70F1F1263]
	GetHandleVerifier [0x00007FF70F6AA8ED+2962317]
	GetHandleVerifier [0x00007FF70F6A4EC2+2939234]
	GetHandleVerifier [0x00007FF70F6C2FF3+3062419]
	GetHandleVerifier [0x00007FF70F404B9A+185914]
	GetHandleVerifier [0x00007FF70F40C78F+217647]
	GetHandleVerifier [0x00007FF70F3F2A44+111844]
	GetHandleVerifier [0x00007FF70F3F2BF2+112274]
	GetHandleVerifier [0x00007FF70F3D8A79+5401]
	BaseThreadInitThunk [0x00007FF82B49E8D7+23]
	RtlUserThreadStart [0x00007FF82C4B14FC+44]

2025-05-06 16:42:35,757 - INFO - Wende Filter erneut an
2025-05-06 16:42:35,758 - INFO - Suche nach Kampagnen mit dem Begriff: Politik
2025-05-06 16:42:35,845 - INFO - Suchbegriff eingegeben, warte auf Filterergebnisse
2025-05-06 16:42:38,989 - INFO - Suche nach dem Status-Filter
2025-05-06 16:42:39,017 - INFO - Status-Filter gefunden
2025-05-06 16:42:39,169 - INFO - Pfeil-Element im Status-Filter gefunden, klicke darauf
2025-05-06 16:42:39,180 - ERROR - Fehler beim Filtern nach Status 'aktiv': Message: element not interactable
  (Session info: chrome=136.0.7103.48)
Stacktrace:
	GetHandleVerifier [0x00007FF70F3EA145+76773]
	GetHandleVerifier [0x00007FF70F3EA1A0+76864]
	(No symbol) [0x00007FF70F1A8DAC]
	(No symbol) [0x00007FF70F200994]
	(No symbol) [0x00007FF70F1F2444]
	(No symbol) [0x00007FF70F22735A]
	(No symbol) [0x00007FF70F1F1CF6]
	(No symbol) [0x00007FF70F227570]
	(No symbol) [0x00007FF70F24F0CF]
	(No symbol) [0x00007FF70F227133]
	(No symbol) [0x00007FF70F1F04D1]
	(No symbol) [0x00007FF70F1F1263]
	GetHandleVerifier [0x00007FF70F6AA8ED+2962317]
	GetHandleVerifier [0x00007FF70F6A4EC2+2939234]
	GetHandleVerifier [0x00007FF70F6C2FF3+3062419]
	GetHandleVerifier [0x00007FF70F404B9A+185914]
	GetHandleVerifier [0x00007FF70F40C78F+217647]
	GetHandleVerifier [0x00007FF70F3F2A44+111844]
	GetHandleVerifier [0x00007FF70F3F2BF2+112274]
	GetHandleVerifier [0x00007FF70F3D8A79+5401]
	BaseThreadInitThunk [0x00007FF82B49E8D7+23]
	RtlUserThreadStart [0x00007FF82C4B14FC+44]

2025-05-06 16:42:41,312 - INFO - Verarbeite Kampagne 5/5: ''
2025-05-06 16:42:41,377 - INFO - Klicke auf 'Weitere Aktionen'
2025-05-06 16:42:51,917 - ERROR - Fehler beim Verarbeiten der Kampagne '': Message: 
Stacktrace:
	GetHandleVerifier [0x00007FF70F3EA145+76773]
	GetHandleVerifier [0x00007FF70F3EA1A0+76864]
	(No symbol) [0x00007FF70F1A8F7A]
	(No symbol) [0x00007FF70F1FF496]
	(No symbol) [0x00007FF70F1FF74C]
	(No symbol) [0x00007FF70F1F1E2C]
	(No symbol) [0x00007FF70F22739F]
	(No symbol) [0x00007FF70F1F1CF6]
	(No symbol) [0x00007FF70F227570]
	(No symbol) [0x00007FF70F24F0CF]
	(No symbol) [0x00007FF70F227133]
	(No symbol) [0x00007FF70F1F04D1]
	(No symbol) [0x00007FF70F1F1263]
	GetHandleVerifier [0x00007FF70F6AA8ED+2962317]
	GetHandleVerifier [0x00007FF70F6A4EC2+2939234]
	GetHandleVerifier [0x00007FF70F6C2FF3+3062419]
	GetHandleVerifier [0x00007FF70F404B9A+185914]
	GetHandleVerifier [0x00007FF70F40C78F+217647]
	GetHandleVerifier [0x00007FF70F3F2A44+111844]
	GetHandleVerifier [0x00007FF70F3F2BF2+112274]
	GetHandleVerifier [0x00007FF70F3D8A79+5401]
	BaseThreadInitThunk [0x00007FF82B49E8D7+23]
	RtlUserThreadStart [0x00007FF82C4B14FC+44]

2025-05-06 16:42:56,313 - INFO - Wende Filter erneut an
2025-05-06 16:42:56,313 - INFO - Suche nach Kampagnen mit dem Begriff: Politik
2025-05-06 16:42:56,388 - INFO - Suchbegriff eingegeben, warte auf Filterergebnisse
2025-05-06 16:42:59,525 - INFO - Suche nach dem Status-Filter
2025-05-06 16:42:59,567 - INFO - Status-Filter gefunden
2025-05-06 16:42:59,705 - INFO - Pfeil-Element im Status-Filter gefunden, klicke darauf
2025-05-06 16:42:59,717 - ERROR - Fehler beim Filtern nach Status 'aktiv': Message: element not interactable
  (Session info: chrome=136.0.7103.48)
Stacktrace:
	GetHandleVerifier [0x00007FF70F3EA145+76773]
	GetHandleVerifier [0x00007FF70F3EA1A0+76864]
	(No symbol) [0x00007FF70F1A8DAC]
	(No symbol) [0x00007FF70F200994]
	(No symbol) [0x00007FF70F1F2444]
	(No symbol) [0x00007FF70F22735A]
	(No symbol) [0x00007FF70F1F1CF6]
	(No symbol) [0x00007FF70F227570]
	(No symbol) [0x00007FF70F24F0CF]
	(No symbol) [0x00007FF70F227133]
	(No symbol) [0x00007FF70F1F04D1]
	(No symbol) [0x00007FF70F1F1263]
	GetHandleVerifier [0x00007FF70F6AA8ED+2962317]
	GetHandleVerifier [0x00007FF70F6A4EC2+2939234]
	GetHandleVerifier [0x00007FF70F6C2FF3+3062419]
	GetHandleVerifier [0x00007FF70F404B9A+185914]
	GetHandleVerifier [0x00007FF70F40C78F+217647]
	GetHandleVerifier [0x00007FF70F3F2A44+111844]
	GetHandleVerifier [0x00007FF70F3F2BF2+112274]
	GetHandleVerifier [0x00007FF70F3D8A79+5401]
	BaseThreadInitThunk [0x00007FF82B49E8D7+23]
	RtlUserThreadStart [0x00007FF82C4B14FC+44]

2025-05-06 16:43:01,849 - WARNING - Es wurden keine Umfragedaten heruntergeladen
2025-05-06 16:43:24,047 - INFO - Scraper beendet
2025-05-06 17:08:39,993 - INFO - Scraper gestartet
2025-05-06 17:08:41,798 - INFO - Login-Seite geladen
2025-05-06 17:08:42,116 - INFO - Führe JavaScript-Code für das Login aus
2025-05-06 17:08:43,758 - WARNING - Fallback-Methode fehlgeschlagen: Message: javascript error: Cannot read properties of null (reading 'value')
  (Session info: chrome=136.0.7103.48)
Stacktrace:
	GetHandleVerifier [0x00007FF70F3EA145+76773]
	GetHandleVerifier [0x00007FF70F3EA1A0+76864]
	(No symbol) [0x00007FF70F1A8F7A]
	(No symbol) [0x00007FF70F1B0978]
	(No symbol) [0x00007FF70F1B3D31]
	(No symbol) [0x00007FF70F250308]
	(No symbol) [0x00007FF70F22735A]
	(No symbol) [0x00007FF70F24F0CF]
	(No symbol) [0x00007FF70F227133]
	(No symbol) [0x00007FF70F1F04D1]
	(No symbol) [0x00007FF70F1F1263]
	GetHandleVerifier [0x00007FF70F6AA8ED+2962317]
	GetHandleVerifier [0x00007FF70F6A4EC2+2939234]
	GetHandleVerifier [0x00007FF70F6C2FF3+3062419]
	GetHandleVerifier [0x00007FF70F404B9A+185914]
	GetHandleVerifier [0x00007FF70F40C78F+217647]
	GetHandleVerifier [0x00007FF70F3F2A44+111844]
	GetHandleVerifier [0x00007FF70F3F2BF2+112274]
	GetHandleVerifier [0x00007FF70F3D8A79+5401]
	BaseThreadInitThunk [0x00007FF82B49E8D7+23]
	RtlUserThreadStart [0x00007FF82C4B14FC+44]

2025-05-06 17:08:43,758 - INFO - Warte auf URL-Änderung nach dem Login-Versuch
2025-05-06 17:08:43,766 - INFO - URL hat sich geändert: https://leser-umfrage.de/backend/
2025-05-06 17:08:43,894 - INFO - Erfolgreich eingeloggt bei campanero
2025-05-06 17:08:43,895 - INFO - Navigiere direkt zur Kampagnen-Seite per URL
2025-05-06 17:08:49,591 - INFO - Aktuelle URL: https://leser-umfrage.de/backend/campaigns
2025-05-06 17:08:49,786 - INFO - Navigation zur Kampagnen-Seite erfolgreich
2025-05-06 17:08:49,787 - INFO - Erfolgreich zur Kampagnen-Seite navigiert
2025-05-06 17:08:49,787 - INFO - Suche nach Kampagnen mit dem Begriff: Politik
2025-05-06 17:08:49,858 - INFO - Suchbegriff eingegeben, warte auf Filterergebnisse
2025-05-06 17:08:52,069 - INFO - Suche nach 'Politik' erfolgreich durchgeführt
2025-05-06 17:08:52,070 - INFO - Suche nach dem Status-Filter
2025-05-06 17:08:52,126 - INFO - Status-Filter gefunden
2025-05-06 17:08:52,286 - INFO - Pfeil-Element im Status-Filter gefunden, klicke darauf
2025-05-06 17:08:53,467 - INFO - Suche nach dem 'aktiv'-Element im geöffneten Dropdown
2025-05-06 17:08:53,520 - INFO - 'aktiv'-Element gefunden (Label), klicke darauf
2025-05-06 17:08:55,737 - INFO - Filterung nach Status 'aktiv' abgeschlossen
2025-05-06 17:08:55,737 - INFO - Filterung nach Status 'aktiv' erfolgreich
2025-05-06 17:08:55,737 - INFO - Zähle Einträge in der Kampagnen-Tabelle und lese Spalteninhalte
2025-05-06 17:08:55,835 - INFO - Spaltenüberschriften der Tabelle:
2025-05-06 17:08:55,836 - INFO -   Spalte 1: 
2025-05-06 17:08:55,836 - INFO -   Spalte 2: 
2025-05-06 17:08:55,836 - INFO -   Spalte 3: Titel
2025-05-06 17:08:55,836 - INFO -   Spalte 4: Typ
2025-05-06 17:08:55,836 - INFO -   Spalte 5: Kat.
2025-05-06 17:08:55,836 - INFO -   Spalte 6: Name
2025-05-06 17:08:55,836 - INFO -   Spalte 7: Start
2025-05-06 17:08:55,837 - INFO -   Spalte 8: Ende
2025-05-06 17:08:55,837 - INFO -   Spalte 9: Teilnehmer
2025-05-06 17:08:55,837 - INFO -   Spalte 10: Registrierungen
2025-05-06 17:08:55,837 - INFO -   Spalte 11: Bestellungen
2025-05-06 17:08:55,837 - INFO -   Spalte 12: Status
2025-05-06 17:08:55,837 - INFO -   Spalte 13: Aktion
2025-05-06 17:08:55,844 - INFO - Anzahl der Einträge in der Kampagnen-Tabelle: 7
2025-05-06 17:08:55,862 - INFO - Eintrag 1: 
2025-05-06 17:08:55,875 - INFO - Eintrag 2: 
2025-05-06 17:08:55,887 - INFO - Eintrag 3: 
2025-05-06 17:08:55,898 - INFO - Eintrag 4: 
2025-05-06 17:08:55,911 - INFO - Eintrag 5: 
2025-05-06 17:08:55,925 - INFO - Eintrag 6: 
2025-05-06 17:08:55,937 - INFO - Eintrag 7: 
2025-05-06 17:08:56,095 - INFO - Suche nach Kampagnen mit Start-Datum von heute (06.05.2025) oder gestern (05.05.2025) und mit Teilnehmern
2025-05-06 17:08:56,097 - INFO - Spalten gefunden - Start: Start, Teilnehmer: Teilnehmer
2025-05-06 17:08:56,321 - INFO - Keine Kampagnen gefunden, die alle Filterkriterien erfüllen
2025-05-06 17:08:56,321 - INFO - Gefundene Kampagnen nach Filterung: 7
2025-05-06 17:08:56,321 - INFO - Davon heute oder gestern gestartet: 0
2025-05-06 17:09:18,451 - INFO - Scraper beendet
